[ 2016-05-17T11:59:58+08:00 ] ::1 /hg_2016/Admin/Public/login.html
INFO: [ app_init ] --START--
INFO: Run Behavior\BuildLiteBehavior [ RunTime:0.000017s ]
INFO: [ app_init ] --END-- [ RunTime:0.000470s ]
INFO: [ app_begin ] --START--
INFO: Run Behavior\ReadHtmlCacheBehavior [ RunTime:0.000759s ]
INFO: [ app_begin ] --END-- [ RunTime:0.000823s ]
INFO: [ view_parse ] --START--
INFO: [ template_filter ] --START--
INFO: Run Behavior\ContentReplaceBehavior [ RunTime:0.000056s ]
INFO: [ template_filter ] --END-- [ RunTime:0.000119s ]
INFO: Run Behavior\ParseTemplateBehavior [ RunTime:0.025225s ]
INFO: [ view_parse ] --END-- [ RunTime:0.025283s ]
INFO: [ view_filter ] --START--
INFO: Run Behavior\WriteHtmlCacheBehavior [ RunTime:0.000434s ]
INFO: [ view_filter ] --END-- [ RunTime:0.000477s ]
INFO: [ app_end ] --START--
INFO: Run Behavior\ShowPageTraceBehavior [ RunTime:0.000562s ]
INFO: [ app_end ] --END-- [ RunTime:0.000602s ]

[ 2016-05-17T11:59:59+08:00 ] ::1 /hg_2016/Admin/Public/verify.html
INFO: [ app_init ] --START--
INFO: Run Behavior\BuildLiteBehavior [ RunTime:0.000019s ]
INFO: [ app_init ] --END-- [ RunTime:0.000744s ]
INFO: [ app_begin ] --START--
INFO: Run Behavior\ReadHtmlCacheBehavior [ RunTime:0.001034s ]
INFO: [ app_begin ] --END-- [ RunTime:0.001126s ]
INFO: [ app_end ] --START--
INFO: Run Behavior\ShowPageTraceBehavior [ RunTime:0.000957s ]
INFO: [ app_end ] --END-- [ RunTime:0.001061s ]

[ 2016-05-17T12:00:13+08:00 ] ::1 /hg_2016/Admin/Public/login.html
INFO: [ app_init ] --START--
INFO: Run Behavior\BuildLiteBehavior [ RunTime:0.000015s ]
INFO: [ app_init ] --END-- [ RunTime:0.000300s ]
INFO: [ app_begin ] --START--
INFO: Run Behavior\ReadHtmlCacheBehavior [ RunTime:0.000381s ]
INFO: [ app_begin ] --END-- [ RunTime:0.000425s ]
SQL: SHOW COLUMNS FROM `db_admin` [ RunTime:0.0043s ]
INFO: [ view_parse ] --START--
INFO: [ template_filter ] --START--
INFO: Run Behavior\ContentReplaceBehavior [ RunTime:0.000038s ]
INFO: [ template_filter ] --END-- [ RunTime:0.000090s ]
INFO: Run Behavior\ParseTemplateBehavior [ RunTime:0.006574s ]
INFO: [ view_parse ] --END-- [ RunTime:0.006653s ]
INFO: [ view_filter ] --START--
INFO: Run Behavior\WriteHtmlCacheBehavior [ RunTime:0.000372s ]
INFO: [ view_filter ] --END-- [ RunTime:0.000412s ]

[ 2016-05-17T12:00:15+08:00 ] ::1 /hg_2016/Admin/Public/login.html
INFO: [ app_init ] --START--
INFO: Run Behavior\BuildLiteBehavior [ RunTime:0.000012s ]
INFO: [ app_init ] --END-- [ RunTime:0.000284s ]
INFO: [ app_begin ] --START--
INFO: Run Behavior\ReadHtmlCacheBehavior [ RunTime:0.000379s ]
INFO: [ app_begin ] --END-- [ RunTime:0.000422s ]
INFO: [ view_parse ] --START--
INFO: [ template_filter ] --START--
INFO: Run Behavior\ContentReplaceBehavior [ RunTime:0.000045s ]
INFO: [ template_filter ] --END-- [ RunTime:0.000091s ]
INFO: Run Behavior\ParseTemplateBehavior [ RunTime:0.005203s ]
INFO: [ view_parse ] --END-- [ RunTime:0.005255s ]
INFO: [ view_filter ] --START--
INFO: Run Behavior\WriteHtmlCacheBehavior [ RunTime:0.000195s ]
INFO: [ view_filter ] --END-- [ RunTime:0.000232s ]
INFO: [ app_end ] --START--
INFO: Run Behavior\ShowPageTraceBehavior [ RunTime:0.000384s ]
INFO: [ app_end ] --END-- [ RunTime:0.000430s ]

[ 2016-05-17T12:00:15+08:00 ] ::1 /hg_2016/Admin/Public/verify.html
INFO: [ app_init ] --START--
INFO: Run Behavior\BuildLiteBehavior [ RunTime:0.000012s ]
INFO: [ app_init ] --END-- [ RunTime:0.000339s ]
INFO: [ app_begin ] --START--
INFO: Run Behavior\ReadHtmlCacheBehavior [ RunTime:0.000592s ]
INFO: [ app_begin ] --END-- [ RunTime:0.000636s ]
INFO: [ app_end ] --START--
INFO: Run Behavior\ShowPageTraceBehavior [ RunTime:0.000660s ]
INFO: [ app_end ] --END-- [ RunTime:0.000718s ]

[ 2016-05-17T12:00:19+08:00 ] ::1 /hg_2016/Admin/Public/login.html
INFO: [ app_init ] --START--
INFO: Run Behavior\BuildLiteBehavior [ RunTime:0.000012s ]
INFO: [ app_init ] --END-- [ RunTime:0.000352s ]
INFO: [ app_begin ] --START--
INFO: Run Behavior\ReadHtmlCacheBehavior [ RunTime:0.000538s ]
INFO: [ app_begin ] --END-- [ RunTime:0.000581s ]
SQL: SHOW COLUMNS FROM `db_admin` [ RunTime:0.0037s ]
SQL: SELECT `id`,`account`,`password`,`login_count`,`status` FROM `db_admin` WHERE `account` = 'admin' AND `password` = '0192023a7bbd73250516f069df18b500' LIMIT 1   [ RunTime:0.0017s ]
INFO: [ view_parse ] --START--
INFO: [ template_filter ] --START--
INFO: Run Behavior\ContentReplaceBehavior [ RunTime:0.000040s ]
INFO: [ template_filter ] --END-- [ RunTime:0.000121s ]
INFO: Run Behavior\ParseTemplateBehavior [ RunTime:0.006745s ]
INFO: [ view_parse ] --END-- [ RunTime:0.006799s ]
INFO: [ view_filter ] --START--
INFO: Run Behavior\WriteHtmlCacheBehavior [ RunTime:0.000370s ]
INFO: [ view_filter ] --END-- [ RunTime:0.000406s ]

[ 2016-05-17T12:00:20+08:00 ] ::1 /hg_2016/Admin/Public/login.html
INFO: [ app_init ] --START--
INFO: Run Behavior\BuildLiteBehavior [ RunTime:0.000016s ]
INFO: [ app_init ] --END-- [ RunTime:0.000347s ]
INFO: [ app_begin ] --START--
INFO: Run Behavior\ReadHtmlCacheBehavior [ RunTime:0.000647s ]
INFO: [ app_begin ] --END-- [ RunTime:0.000709s ]
INFO: [ view_parse ] --START--
INFO: [ template_filter ] --START--
INFO: Run Behavior\ContentReplaceBehavior [ RunTime:0.000046s ]
INFO: [ template_filter ] --END-- [ RunTime:0.000095s ]
INFO: Run Behavior\ParseTemplateBehavior [ RunTime:0.006287s ]
INFO: [ view_parse ] --END-- [ RunTime:0.006332s ]
INFO: [ view_filter ] --START--
INFO: Run Behavior\WriteHtmlCacheBehavior [ RunTime:0.000370s ]
INFO: [ view_filter ] --END-- [ RunTime:0.000405s ]
INFO: [ app_end ] --START--
INFO: Run Behavior\ShowPageTraceBehavior [ RunTime:0.000552s ]
INFO: [ app_end ] --END-- [ RunTime:0.000590s ]

[ 2016-05-17T12:00:20+08:00 ] ::1 /hg_2016/Admin/Public/verify.html
INFO: [ app_init ] --START--
INFO: Run Behavior\BuildLiteBehavior [ RunTime:0.000022s ]
INFO: [ app_init ] --END-- [ RunTime:0.000561s ]
INFO: [ app_begin ] --START--
INFO: Run Behavior\ReadHtmlCacheBehavior [ RunTime:0.001094s ]
INFO: [ app_begin ] --END-- [ RunTime:0.001192s ]
INFO: [ app_end ] --START--
INFO: Run Behavior\ShowPageTraceBehavior [ RunTime:0.001488s ]
INFO: [ app_end ] --END-- [ RunTime:0.001637s ]

[ 2016-05-17T12:00:27+08:00 ] ::1 /hg_2016/Admin/Public/login.html
INFO: [ app_init ] --START--
INFO: Run Behavior\BuildLiteBehavior [ RunTime:0.000019s ]
INFO: [ app_init ] --END-- [ RunTime:0.000570s ]
INFO: [ app_begin ] --START--
INFO: Run Behavior\ReadHtmlCacheBehavior [ RunTime:0.001025s ]
INFO: [ app_begin ] --END-- [ RunTime:0.001113s ]
SQL: SHOW COLUMNS FROM `db_admin` [ RunTime:0.0044s ]
SQL: SELECT `id`,`account`,`password`,`login_count`,`status` FROM `db_admin` WHERE `account` = 'admin' AND `password` = '21232f297a57a5a743894a0e4a801fc3' LIMIT 1   [ RunTime:0.0020s ]
SQL: UPDATE `db_admin` SET `login_ip`='0.0.0.0',`login_time`='1463457627',`login_count`='677' WHERE `id` = 1 [ RunTime:0.0738s ]
INFO: [ view_parse ] --START--
INFO: [ template_filter ] --START--
INFO: Run Behavior\ContentReplaceBehavior [ RunTime:0.000060s ]
INFO: [ template_filter ] --END-- [ RunTime:0.000137s ]
INFO: Run Behavior\ParseTemplateBehavior [ RunTime:0.007012s ]
INFO: [ view_parse ] --END-- [ RunTime:0.007063s ]
INFO: [ view_filter ] --START--
INFO: Run Behavior\WriteHtmlCacheBehavior [ RunTime:0.000426s ]
INFO: [ view_filter ] --END-- [ RunTime:0.000465s ]
INFO: [ app_end ] --START--
INFO: Run Behavior\ShowPageTraceBehavior [ RunTime:0.000560s ]
INFO: [ app_end ] --END-- [ RunTime:0.000599s ]

[ 2016-05-17T12:00:29+08:00 ] ::1 /hg_2016/Admin/Index/index.html
INFO: [ app_init ] --START--
INFO: Run Behavior\BuildLiteBehavior [ RunTime:0.000019s ]
INFO: [ app_init ] --END-- [ RunTime:0.000626s ]
INFO: [ app_begin ] --START--
INFO: Run Behavior\ReadHtmlCacheBehavior [ RunTime:0.001009s ]
INFO: [ app_begin ] --END-- [ RunTime:0.001091s ]
SQL: SHOW COLUMNS FROM `db_auth_rule` [ RunTime:0.0045s ]
SQL: SELECT `id`,`name`,`title` FROM `db_auth_rule` WHERE `pid` = 0 AND `status` = 1 ORDER BY id desc  [ RunTime:0.0020s ]
SQL: SHOW COLUMNS FROM `db_auth_group_access` [ RunTime:0.0036s ]
SQL: SELECT `uid`,`group_id`,`title`,`rules` FROM db_auth_group_access a INNER JOIN db_auth_group g on a.group_id=g.id  WHERE ( a.uid='1' and g.status='1' )  [ RunTime:0.0019s ]
SQL: SHOW COLUMNS FROM `db_auth_rule` [ RunTime:0.0039s ]
SQL: SELECT `condition`,`name` FROM `db_auth_rule` WHERE `id` IN ('35','36','37','38','40','39','43','46','47','48','49','51','52','53','54','55','56','57','58','59','60','61','62','63','64','65','71','72','78','74','75','76','77','79','85','86','87','88','89','90','91','92') AND `type` = 1 AND `status` = 1  [ RunTime:0.0021s ]
SQL: SELECT `id`,`name`,`title` FROM `db_auth_rule` WHERE ( pid=85 AND status=1 )  [ RunTime:0.0016s ]
SQL: SELECT `id`,`name`,`title` FROM `db_auth_rule` WHERE ( pid=40 AND status=1 )  [ RunTime:0.0021s ]
SQL: SELECT `id`,`name`,`title` FROM `db_auth_rule` WHERE ( pid=35 AND status=1 )  [ RunTime:0.0019s ]
INFO: [ view_parse ] --START--
INFO: [ template_filter ] --START--
INFO: Run Behavior\ContentReplaceBehavior [ RunTime:0.000061s ]
INFO: [ template_filter ] --END-- [ RunTime:0.000128s ]
INFO: Run Behavior\ParseTemplateBehavior [ RunTime:0.031997s ]
INFO: [ view_parse ] --END-- [ RunTime:0.032053s ]
INFO: [ view_filter ] --START--
INFO: Run Behavior\WriteHtmlCacheBehavior [ RunTime:0.000434s ]
INFO: [ view_filter ] --END-- [ RunTime:0.000470s ]
INFO: [ app_end ] --START--
INFO: Run Behavior\ShowPageTraceBehavior [ RunTime:0.000576s ]
INFO: [ app_end ] --END-- [ RunTime:0.000625s ]

[ 2016-05-17T12:00:29+08:00 ] ::1 /hg_2016/Admin/Member/member_list.html
INFO: [ app_init ] --START--
INFO: Run Behavior\BuildLiteBehavior [ RunTime:0.000014s ]
INFO: [ app_init ] --END-- [ RunTime:0.000373s ]
INFO: [ app_begin ] --START--
INFO: Run Behavior\ReadHtmlCacheBehavior [ RunTime:0.000549s ]
INFO: [ app_begin ] --END-- [ RunTime:0.000597s ]
SQL: SHOW COLUMNS FROM `db_member` [ RunTime:0.0047s ]
NOTIC: [8] Undefined index: order D:\xampp\htdocs\hg_2016\Application\Admin\Controller\MemberController.class.php 第 49 行.
SQL: SHOW COLUMNS FROM `db_auth_group_access` [ RunTime:0.0036s ]
SQL: SELECT `uid`,`group_id`,`title`,`rules` FROM db_auth_group_access a INNER JOIN db_auth_group g on a.group_id=g.id  WHERE ( a.uid='1' and g.status='1' )  [ RunTime:0.0015s ]
SQL: SELECT COUNT(*) AS tp_count FROM `db_member` WHERE `status` = 1 AND `department` IN ('1','2','3','4','5','6','7') LIMIT 1   [ RunTime:0.0010s ]
SQL: SELECT `id`,`status`,`realname`,`loginname`,`codeid`,`time`,`tel`,`agentname`,`groupname`,`department`,`birthday`,`jihuotime`,`jihuomoney`,`birthday`,`moniname`,`agentname_x`,`groupname_x`,`department_x`,`department_x`,`groupname_x` FROM `db_member` WHERE `status` = 1 AND `department` IN ('1','2','3','4','5','6','7') ORDER BY id ASC LIMIT 0,15   [ RunTime:0.0015s ]
SQL: SELECT COUNT(*) AS tp_count FROM `db_member` WHERE `realname` = 'ff1' LIMIT 1   [ RunTime:0.0015s ]
SQL: SELECT COUNT(*) AS tp_count FROM `db_member` WHERE `realname` = 'ff3' LIMIT 1   [ RunTime:0.0013s ]
SQL: SELECT COUNT(*) AS tp_count FROM `db_member` WHERE `realname` = 'ff5' LIMIT 1   [ RunTime:0.0015s ]
SQL: SELECT COUNT(*) AS tp_count FROM `db_member` WHERE `realname` = 'ff6' LIMIT 1   [ RunTime:0.0016s ]
SQL: SELECT COUNT(*) AS tp_count FROM `db_member` WHERE `codeid` = '320324199806174165' LIMIT 1   [ RunTime:0.0017s ]
SQL: SELECT COUNT(*) AS tp_count FROM `db_member` WHERE `codeid` = '32032419980617416x' LIMIT 1   [ RunTime:0.0017s ]
SQL: SELECT COUNT(*) AS tp_count FROM `db_member` WHERE `codeid` = '32032419970917416x' LIMIT 1   [ RunTime:0.0016s ]
SQL: SELECT COUNT(*) AS tp_count FROM `db_member` WHERE `codeid` = '32032419910917416x' LIMIT 1   [ RunTime:0.0015s ]
INFO: [ view_parse ] --START--
INFO: [ template_filter ] --START--
INFO: Run Behavior\ContentReplaceBehavior [ RunTime:0.000292s ]
INFO: [ template_filter ] --END-- [ RunTime:0.000344s ]
NOTIC: [8] Use of undefined constant id - assumed 'id' D:\xampp\htdocs\hg_2016\Runtime\Cache\Admin\52a0e83745da64968300eec9e9de24d9.php 第 751 行.
NOTIC: [8] Use of undefined constant id - assumed 'id' D:\xampp\htdocs\hg_2016\Runtime\Cache\Admin\52a0e83745da64968300eec9e9de24d9.php 第 751 行.
NOTIC: [8] Use of undefined constant id - assumed 'id' D:\xampp\htdocs\hg_2016\Runtime\Cache\Admin\52a0e83745da64968300eec9e9de24d9.php 第 751 行.
NOTIC: [8] Use of undefined constant id - assumed 'id' D:\xampp\htdocs\hg_2016\Runtime\Cache\Admin\52a0e83745da64968300eec9e9de24d9.php 第 751 行.
INFO: Run Behavior\ParseTemplateBehavior [ RunTime:0.022452s ]
INFO: [ view_parse ] --END-- [ RunTime:0.022502s ]
INFO: [ view_filter ] --START--
INFO: Run Behavior\WriteHtmlCacheBehavior [ RunTime:0.000461s ]
INFO: [ view_filter ] --END-- [ RunTime:0.000498s ]
INFO: [ app_end ] --START--
INFO: Run Behavior\ShowPageTraceBehavior [ RunTime:0.000949s ]
INFO: [ app_end ] --END-- [ RunTime:0.001021s ]

[ 2016-05-17T12:00:33+08:00 ] ::1 /hg_2016/Admin/Member/edit_dj?menu_title=%E8%A3%95%E9%81%93%20-%3E%20%E5%8F%98%E6%9B%B4%E7%99%BB%E8%AE%B0
INFO: [ app_init ] --START--
INFO: Run Behavior\BuildLiteBehavior [ RunTime:0.000015s ]
INFO: [ app_init ] --END-- [ RunTime:0.000342s ]
INFO: [ app_begin ] --START--
INFO: Run Behavior\ReadHtmlCacheBehavior [ RunTime:0.000509s ]
INFO: [ app_begin ] --END-- [ RunTime:0.000553s ]
SQL: SHOW COLUMNS FROM `db_member` [ RunTime:0.0042s ]
SQL: SHOW COLUMNS FROM `db_member` [ RunTime:0.0042s ]
SQL: SHOW COLUMNS FROM `db_auth_group_access` [ RunTime:0.0033s ]
SQL: SELECT `uid`,`group_id`,`title`,`rules` FROM db_auth_group_access a INNER JOIN db_auth_group g on a.group_id=g.id  WHERE ( a.uid='1' and g.status='1' )  [ RunTime:0.0014s ]
NOTIC: [8] Undefined index: member D:\xampp\htdocs\hg_2016\Application\Admin\Controller\MemberController.class.php 第 200 行.
SQL: SELECT COUNT(*) AS tp_count FROM `db_member` WHERE `department` IN ('1','2','3','4','5','6','7') AND `editdecide` = 1 LIMIT 1   [ RunTime:0.0011s ]
SQL: SELECT * FROM `db_member` WHERE `department` IN ('1','2','3','4','5','6','7') AND `editdecide` = 1 ORDER BY time_x desc LIMIT 0,15   [ RunTime:0.0022s ]
INFO: [ view_parse ] --START--
INFO: [ template_filter ] --START--
INFO: Run Behavior\ContentReplaceBehavior [ RunTime:0.000119s ]
INFO: [ template_filter ] --END-- [ RunTime:0.000190s ]
NOTIC: [8] Undefined variable: type D:\xampp\htdocs\hg_2016\Runtime\Cache\Admin\a489416c6c66d3152849124fba518642.php 第 54 行.
NOTIC: [8] Undefined variable: type D:\xampp\htdocs\hg_2016\Runtime\Cache\Admin\a489416c6c66d3152849124fba518642.php 第 58 行.
INFO: Run Behavior\ParseTemplateBehavior [ RunTime:0.011497s ]
INFO: [ view_parse ] --END-- [ RunTime:0.011546s ]
INFO: [ view_filter ] --START--
INFO: Run Behavior\WriteHtmlCacheBehavior [ RunTime:0.000299s ]
INFO: [ view_filter ] --END-- [ RunTime:0.000334s ]
INFO: [ app_end ] --START--
INFO: Run Behavior\ShowPageTraceBehavior [ RunTime:0.000490s ]
INFO: [ app_end ] --END-- [ RunTime:0.000528s ]

[ 2016-05-17T12:00:35+08:00 ] ::1 /hg_2016/Admin/Member/xiaohu_list?menu_title=%E8%A3%95%E9%81%93%20-%3E%20%E9%94%80%E6%88%B7%E5%AE%A2%E6%88%B7%E5%88%97%E8%A1%A8
INFO: [ app_init ] --START--
INFO: Run Behavior\BuildLiteBehavior [ RunTime:0.000012s ]
INFO: [ app_init ] --END-- [ RunTime:0.000294s ]
INFO: [ app_begin ] --START--
INFO: Run Behavior\ReadHtmlCacheBehavior [ RunTime:0.000367s ]
INFO: [ app_begin ] --END-- [ RunTime:0.000409s ]
SQL: SHOW COLUMNS FROM `db_member` [ RunTime:0.0048s ]
NOTIC: [8] Undefined index: stime D:\xampp\htdocs\hg_2016\Application\Admin\Controller\MemberController.class.php 第 219 行.
SQL: SHOW COLUMNS FROM `db_auth_group_access` [ RunTime:0.0031s ]
SQL: SELECT `uid`,`group_id`,`title`,`rules` FROM db_auth_group_access a INNER JOIN db_auth_group g on a.group_id=g.id  WHERE ( a.uid='1' and g.status='1' )  [ RunTime:0.0015s ]
SQL: SELECT COUNT(*) AS tp_count FROM `db_member` WHERE `status` = 0 AND `department` IN ('1','2','3','4','5','6','7') LIMIT 1   [ RunTime:0.0015s ]
SQL: SELECT * FROM `db_member` WHERE `status` = 0 AND `department` IN ('1','2','3','4','5','6','7') ORDER BY time_x desc LIMIT 0,10   [ RunTime:0.0013s ]
INFO: [ view_parse ] --START--
INFO: [ template_filter ] --START--
INFO: Run Behavior\ContentReplaceBehavior [ RunTime:0.000098s ]
INFO: [ template_filter ] --END-- [ RunTime:0.000155s ]
INFO: Run Behavior\ParseTemplateBehavior [ RunTime:0.009787s ]
INFO: [ view_parse ] --END-- [ RunTime:0.009853s ]
INFO: [ view_filter ] --START--
INFO: Run Behavior\WriteHtmlCacheBehavior [ RunTime:0.000233s ]
INFO: [ view_filter ] --END-- [ RunTime:0.000284s ]
INFO: [ app_end ] --START--
INFO: Run Behavior\ShowPageTraceBehavior [ RunTime:0.000956s ]
INFO: [ app_end ] --END-- [ RunTime:0.001052s ]

[ 2016-05-17T12:00:36+08:00 ] ::1 /hg_2016/Admin/Member/member_zh?menu_title=%E8%A3%95%E9%81%93%20-%3E%20%E7%BB%BC%E5%90%88%E6%95%B0%E6%8D%AE%E7%BB%9F%E8%AE%A1
INFO: [ app_init ] --START--
INFO: Run Behavior\BuildLiteBehavior [ RunTime:0.000012s ]
INFO: [ app_init ] --END-- [ RunTime:0.000284s ]
INFO: [ app_begin ] --START--
INFO: Run Behavior\ReadHtmlCacheBehavior [ RunTime:0.000387s ]
INFO: [ app_begin ] --END-- [ RunTime:0.000429s ]
SQL: SHOW COLUMNS FROM `db_group` [ RunTime:0.0039s ]
SQL: SELECT * FROM `db_group`  [ RunTime:0.0017s ]
SQL: SHOW COLUMNS FROM `db_member` [ RunTime:0.0043s ]
SQL: SELECT * FROM `db_member` ORDER BY department_x  [ RunTime:0.0025s ]
SQL: SELECT COUNT(*) AS tp_count FROM `db_group` WHERE ( xz_id=1 ) LIMIT 1   [ RunTime:0.0013s ]
INFO: [ view_parse ] --START--
INFO: [ template_filter ] --START--
INFO: Run Behavior\ContentReplaceBehavior [ RunTime:0.000069s ]
INFO: [ template_filter ] --END-- [ RunTime:0.000120s ]
INFO: Run Behavior\ParseTemplateBehavior [ RunTime:0.016815s ]
INFO: [ view_parse ] --END-- [ RunTime:0.016878s ]
INFO: [ view_filter ] --START--
INFO: Run Behavior\WriteHtmlCacheBehavior [ RunTime:0.000212s ]
INFO: [ view_filter ] --END-- [ RunTime:0.000248s ]
INFO: [ app_end ] --START--
INFO: Run Behavior\ShowPageTraceBehavior [ RunTime:0.000416s ]
INFO: [ app_end ] --END-- [ RunTime:0.000452s ]

[ 2016-05-17T12:00:44+08:00 ] ::1 /hg_2016/Admin/Member/member_zh?menu_title=%E8%A3%95%E9%81%93%20-%3E%20%E7%BB%BC%E5%90%88%E6%95%B0%E6%8D%AE%E7%BB%9F%E8%AE%A1
INFO: [ app_init ] --START--
INFO: Run Behavior\BuildLiteBehavior [ RunTime:0.000021s ]
INFO: [ app_init ] --END-- [ RunTime:0.000321s ]
INFO: [ app_begin ] --START--
INFO: Run Behavior\ReadHtmlCacheBehavior [ RunTime:0.000415s ]
INFO: [ app_begin ] --END-- [ RunTime:0.000457s ]
SQL: SHOW COLUMNS FROM `db_group` [ RunTime:0.0044s ]
SQL: SELECT * FROM `db_group`  [ RunTime:0.0020s ]
SQL: SHOW COLUMNS FROM `db_member` [ RunTime:0.0048s ]
SQL: SELECT * FROM `db_member` ORDER BY department_x  [ RunTime:0.0028s ]
SQL: SELECT COUNT(*) AS tp_count FROM `db_group` WHERE ( xz_id=1 ) LIMIT 1   [ RunTime:0.0019s ]
INFO: [ view_parse ] --START--
INFO: [ template_filter ] --START--
INFO: Run Behavior\ContentReplaceBehavior [ RunTime:0.000067s ]
INFO: [ template_filter ] --END-- [ RunTime:0.000120s ]
INFO: Run Behavior\ParseTemplateBehavior [ RunTime:0.015762s ]
INFO: [ view_parse ] --END-- [ RunTime:0.015817s ]
INFO: [ view_filter ] --START--
INFO: Run Behavior\WriteHtmlCacheBehavior [ RunTime:0.000205s ]
INFO: [ view_filter ] --END-- [ RunTime:0.000241s ]
INFO: [ app_end ] --START--
INFO: Run Behavior\ShowPageTraceBehavior [ RunTime:0.000402s ]
INFO: [ app_end ] --END-- [ RunTime:0.000440s ]

[ 2016-05-17T12:00:51+08:00 ] ::1 /hg_2016/Admin/Member/xiaohu_list?menu_title=%E8%A3%95%E9%81%93%20-%3E%20%E9%94%80%E6%88%B7%E5%AE%A2%E6%88%B7%E5%88%97%E8%A1%A8
INFO: [ app_init ] --START--
INFO: Run Behavior\BuildLiteBehavior [ RunTime:0.000011s ]
INFO: [ app_init ] --END-- [ RunTime:0.000306s ]
INFO: [ app_begin ] --START--
INFO: Run Behavior\ReadHtmlCacheBehavior [ RunTime:0.000417s ]
INFO: [ app_begin ] --END-- [ RunTime:0.000460s ]
SQL: SHOW COLUMNS FROM `db_member` [ RunTime:0.0049s ]
NOTIC: [8] Undefined index: stime D:\xampp\htdocs\hg_2016\Application\Admin\Controller\MemberController.class.php 第 219 行.
SQL: SHOW COLUMNS FROM `db_auth_group_access` [ RunTime:0.0032s ]
SQL: SELECT `uid`,`group_id`,`title`,`rules` FROM db_auth_group_access a INNER JOIN db_auth_group g on a.group_id=g.id  WHERE ( a.uid='1' and g.status='1' )  [ RunTime:0.0015s ]
SQL: SELECT COUNT(*) AS tp_count FROM `db_member` WHERE `status` = 0 AND `department` IN ('1','2','3','4','5','6','7') LIMIT 1   [ RunTime:0.0013s ]
SQL: SELECT * FROM `db_member` WHERE `status` = 0 AND `department` IN ('1','2','3','4','5','6','7') ORDER BY time_x desc LIMIT 0,10   [ RunTime:0.0013s ]
INFO: [ view_parse ] --START--
INFO: [ template_filter ] --START--
INFO: Run Behavior\ContentReplaceBehavior [ RunTime:0.000085s ]
INFO: [ template_filter ] --END-- [ RunTime:0.000132s ]
INFO: Run Behavior\ParseTemplateBehavior [ RunTime:0.010011s ]
INFO: [ view_parse ] --END-- [ RunTime:0.010061s ]
INFO: [ view_filter ] --START--
INFO: Run Behavior\WriteHtmlCacheBehavior [ RunTime:0.000522s ]
INFO: [ view_filter ] --END-- [ RunTime:0.000566s ]
INFO: [ app_end ] --START--
INFO: Run Behavior\ShowPageTraceBehavior [ RunTime:0.000514s ]
INFO: [ app_end ] --END-- [ RunTime:0.000599s ]

[ 2016-05-17T12:00:52+08:00 ] ::1 /hg_2016/Admin/Member/edit_dj?menu_title=%E8%A3%95%E9%81%93%20-%3E%20%E5%8F%98%E6%9B%B4%E7%99%BB%E8%AE%B0
INFO: [ app_init ] --START--
INFO: Run Behavior\BuildLiteBehavior [ RunTime:0.000011s ]
INFO: [ app_init ] --END-- [ RunTime:0.000272s ]
INFO: [ app_begin ] --START--
INFO: Run Behavior\ReadHtmlCacheBehavior [ RunTime:0.000391s ]
INFO: [ app_begin ] --END-- [ RunTime:0.000445s ]
SQL: SHOW COLUMNS FROM `db_member` [ RunTime:0.0044s ]
SQL: SHOW COLUMNS FROM `db_member` [ RunTime:0.0044s ]
SQL: SHOW COLUMNS FROM `db_auth_group_access` [ RunTime:0.0031s ]
SQL: SELECT `uid`,`group_id`,`title`,`rules` FROM db_auth_group_access a INNER JOIN db_auth_group g on a.group_id=g.id  WHERE ( a.uid='1' and g.status='1' )  [ RunTime:0.0015s ]
NOTIC: [8] Undefined index: member D:\xampp\htdocs\hg_2016\Application\Admin\Controller\MemberController.class.php 第 200 行.
SQL: SELECT COUNT(*) AS tp_count FROM `db_member` WHERE `department` IN ('1','2','3','4','5','6','7') AND `editdecide` = 1 LIMIT 1   [ RunTime:0.0013s ]
SQL: SELECT * FROM `db_member` WHERE `department` IN ('1','2','3','4','5','6','7') AND `editdecide` = 1 ORDER BY time_x desc LIMIT 0,15   [ RunTime:0.0014s ]
INFO: [ view_parse ] --START--
INFO: [ template_filter ] --START--
INFO: Run Behavior\ContentReplaceBehavior [ RunTime:0.000084s ]
INFO: [ template_filter ] --END-- [ RunTime:0.000133s ]
NOTIC: [8] Undefined variable: type D:\xampp\htdocs\hg_2016\Runtime\Cache\Admin\a489416c6c66d3152849124fba518642.php 第 54 行.
NOTIC: [8] Undefined variable: type D:\xampp\htdocs\hg_2016\Runtime\Cache\Admin\a489416c6c66d3152849124fba518642.php 第 58 行.
INFO: Run Behavior\ParseTemplateBehavior [ RunTime:0.010872s ]
INFO: [ view_parse ] --END-- [ RunTime:0.010952s ]
INFO: [ view_filter ] --START--
INFO: Run Behavior\WriteHtmlCacheBehavior [ RunTime:0.000405s ]
INFO: [ view_filter ] --END-- [ RunTime:0.000452s ]
INFO: [ app_end ] --START--
INFO: Run Behavior\ShowPageTraceBehavior [ RunTime:0.000400s ]
INFO: [ app_end ] --END-- [ RunTime:0.000437s ]

[ 2016-05-17T12:00:54+08:00 ] ::1 /hg_2016/Admin/Admin/admin_list?menu_title=%E7%B3%BB%E7%BB%9F%E7%AE%A1%E7%90%86%20-%3E%20%E7%AE%A1%E7%90%86%E5%91%98%E5%88%97%E8%A1%A8
INFO: [ app_init ] --START--
INFO: Run Behavior\BuildLiteBehavior [ RunTime:0.000016s ]
INFO: [ app_init ] --END-- [ RunTime:0.000386s ]
INFO: [ app_begin ] --START--
INFO: Run Behavior\ReadHtmlCacheBehavior [ RunTime:0.000426s ]
INFO: [ app_begin ] --END-- [ RunTime:0.000482s ]
SQL: SHOW COLUMNS FROM `db_admin` [ RunTime:0.0041s ]
NOTIC: [8] Undefined index: p D:\xampp\htdocs\hg_2016\Application\Admin\Controller\AdminController.class.php 第 19 行.
NOTIC: [8] Undefined index: limit D:\xampp\htdocs\hg_2016\Core\Library\Think\Db\Driver.class.php 第 950 行.
SQL: SELECT * FROM `db_admin` ORDER BY id DESC LIMIT 0,20   [ RunTime:0.0018s ]
SQL: SHOW COLUMNS FROM `db_auth_group_access` [ RunTime:0.0036s ]
SQL: SELECT `uid`,`group_id`,`title`,`rules` FROM db_auth_group_access a INNER JOIN db_auth_group g on a.group_id=g.id  WHERE ( a.uid='14' and g.status='1' )  [ RunTime:0.0019s ]
SQL: SHOW COLUMNS FROM `db_auth_group_access` [ RunTime:0.0035s ]
SQL: SELECT `uid`,`group_id`,`title`,`rules` FROM db_auth_group_access a INNER JOIN db_auth_group g on a.group_id=g.id  WHERE ( a.uid='12' and g.status='1' )  [ RunTime:0.0017s ]
SQL: SHOW COLUMNS FROM `db_auth_group_access` [ RunTime:0.0035s ]
SQL: SELECT `uid`,`group_id`,`title`,`rules` FROM db_auth_group_access a INNER JOIN db_auth_group g on a.group_id=g.id  WHERE ( a.uid='6' and g.status='1' )  [ RunTime:0.0020s ]
SQL: SHOW COLUMNS FROM `db_auth_group_access` [ RunTime:0.0035s ]
SQL: SELECT `uid`,`group_id`,`title`,`rules` FROM db_auth_group_access a INNER JOIN db_auth_group g on a.group_id=g.id  WHERE ( a.uid='5' and g.status='1' )  [ RunTime:0.0012s ]
SQL: SHOW COLUMNS FROM `db_auth_group_access` [ RunTime:0.0038s ]
SQL: SELECT `uid`,`group_id`,`title`,`rules` FROM db_auth_group_access a INNER JOIN db_auth_group g on a.group_id=g.id  WHERE ( a.uid='4' and g.status='1' )  [ RunTime:0.0012s ]
SQL: SHOW COLUMNS FROM `db_auth_group_access` [ RunTime:0.0038s ]
SQL: SELECT `uid`,`group_id`,`title`,`rules` FROM db_auth_group_access a INNER JOIN db_auth_group g on a.group_id=g.id  WHERE ( a.uid='2' and g.status='1' )  [ RunTime:0.0020s ]
SQL: SHOW COLUMNS FROM `db_auth_group_access` [ RunTime:0.0034s ]
SQL: SELECT `uid`,`group_id`,`title`,`rules` FROM db_auth_group_access a INNER JOIN db_auth_group g on a.group_id=g.id  WHERE ( a.uid='1' and g.status='1' )  [ RunTime:0.0020s ]
NOTIC: [8] Use of undefined constant id - assumed 'id' D:\xampp\htdocs\hg_2016\Application\Admin\Controller\AdminController.class.php 第 28 行.
SQL: SELECT COUNT(id) AS tp_count FROM `db_admin` LIMIT 1   [ RunTime:0.0020s ]
INFO: [ view_parse ] --START--
INFO: [ template_filter ] --START--
INFO: Run Behavior\ContentReplaceBehavior [ RunTime:0.000051s ]
INFO: [ template_filter ] --END-- [ RunTime:0.000103s ]
NOTIC: [8] Use of undefined constant id - assumed 'id' D:\xampp\htdocs\hg_2016\Runtime\Cache\Admin\3226f918dacc74d0e61fbe12999479d2.php 第 97 行.
NOTIC: [8] Use of undefined constant id - assumed 'id' D:\xampp\htdocs\hg_2016\Runtime\Cache\Admin\3226f918dacc74d0e61fbe12999479d2.php 第 97 行.
NOTIC: [8] Use of undefined constant id - assumed 'id' D:\xampp\htdocs\hg_2016\Runtime\Cache\Admin\3226f918dacc74d0e61fbe12999479d2.php 第 97 行.
NOTIC: [8] Use of undefined constant id - assumed 'id' D:\xampp\htdocs\hg_2016\Runtime\Cache\Admin\3226f918dacc74d0e61fbe12999479d2.php 第 97 行.
NOTIC: [8] Use of undefined constant id - assumed 'id' D:\xampp\htdocs\hg_2016\Runtime\Cache\Admin\3226f918dacc74d0e61fbe12999479d2.php 第 97 行.
NOTIC: [8] Use of undefined constant id - assumed 'id' D:\xampp\htdocs\hg_2016\Runtime\Cache\Admin\3226f918dacc74d0e61fbe12999479d2.php 第 97 行.
INFO: Run Behavior\ParseTemplateBehavior [ RunTime:0.008255s ]
INFO: [ view_parse ] --END-- [ RunTime:0.008302s ]
INFO: [ view_filter ] --START--
INFO: Run Behavior\WriteHtmlCacheBehavior [ RunTime:0.000231s ]
INFO: [ view_filter ] --END-- [ RunTime:0.000267s ]
INFO: [ app_end ] --START--
INFO: Run Behavior\ShowPageTraceBehavior [ RunTime:0.000394s ]
INFO: [ app_end ] --END-- [ RunTime:0.000431s ]

[ 2016-05-17T12:00:56+08:00 ] ::1 /hg_2016/Admin/Admin/auth_group?menu_title=%E7%B3%BB%E7%BB%9F%E7%AE%A1%E7%90%86%20-%3E%20%E7%94%A8%E6%88%B7%E7%BB%84
INFO: [ app_init ] --START--
INFO: Run Behavior\BuildLiteBehavior [ RunTime:0.000013s ]
INFO: [ app_init ] --END-- [ RunTime:0.000335s ]
INFO: [ app_begin ] --START--
INFO: Run Behavior\ReadHtmlCacheBehavior [ RunTime:0.000382s ]
INFO: [ app_begin ] --END-- [ RunTime:0.000432s ]
SQL: SHOW COLUMNS FROM `db_auth_group_access` [ RunTime:0.0037s ]
SQL: SELECT `uid`,`group_id`,`title`,`rules` FROM db_auth_group_access a INNER JOIN db_auth_group g on a.group_id=g.id  WHERE ( a.uid='1' and g.status='1' )  [ RunTime:0.0018s ]
SQL: SHOW COLUMNS FROM `db_auth_rule` [ RunTime:0.0038s ]
SQL: SELECT `condition`,`name` FROM `db_auth_rule` WHERE `id` IN ('35','36','37','38','40','39','43','46','47','48','49','51','52','53','54','55','56','57','58','59','60','61','62','63','64','65','71','72','78','74','75','76','77','79','85','86','87','88','89','90','91','92') AND `type` = 1 AND `status` = 1  [ RunTime:0.0017s ]
SQL: SHOW COLUMNS FROM `db_auth_group` [ RunTime:0.0039s ]
SQL: SELECT * FROM `db_auth_group` ORDER BY id DESC  [ RunTime:0.0031s ]
INFO: [ view_parse ] --START--
INFO: [ template_filter ] --START--
INFO: Run Behavior\ContentReplaceBehavior [ RunTime:0.000043s ]
INFO: [ template_filter ] --END-- [ RunTime:0.000092s ]
NOTIC: [8] Use of undefined constant id - assumed 'id' D:\xampp\htdocs\hg_2016\Runtime\Cache\Admin\60ab08e9407d7263ff77b460f2e12935.php 第 58 行.
NOTIC: [8] Use of undefined constant id - assumed 'id' D:\xampp\htdocs\hg_2016\Runtime\Cache\Admin\60ab08e9407d7263ff77b460f2e12935.php 第 58 行.
NOTIC: [8] Use of undefined constant id - assumed 'id' D:\xampp\htdocs\hg_2016\Runtime\Cache\Admin\60ab08e9407d7263ff77b460f2e12935.php 第 58 行.
NOTIC: [8] Use of undefined constant id - assumed 'id' D:\xampp\htdocs\hg_2016\Runtime\Cache\Admin\60ab08e9407d7263ff77b460f2e12935.php 第 58 行.
NOTIC: [8] Use of undefined constant id - assumed 'id' D:\xampp\htdocs\hg_2016\Runtime\Cache\Admin\60ab08e9407d7263ff77b460f2e12935.php 第 58 行.
NOTIC: [8] Undefined variable: page D:\xampp\htdocs\hg_2016\Runtime\Cache\Admin\60ab08e9407d7263ff77b460f2e12935.php 第 67 行.
INFO: Run Behavior\ParseTemplateBehavior [ RunTime:0.007120s ]
INFO: [ view_parse ] --END-- [ RunTime:0.007169s ]
INFO: [ view_filter ] --START--
INFO: Run Behavior\WriteHtmlCacheBehavior [ RunTime:0.000277s ]
INFO: [ view_filter ] --END-- [ RunTime:0.000326s ]
INFO: [ app_end ] --START--
INFO: Run Behavior\ShowPageTraceBehavior [ RunTime:0.000384s ]
INFO: [ app_end ] --END-- [ RunTime:0.000421s ]

[ 2016-05-17T12:00:59+08:00 ] ::1 /hg_2016/Admin/Admin/auth_rule?menu_title=%E7%B3%BB%E7%BB%9F%E7%AE%A1%E7%90%86%20-%3E%20%E6%9D%83%E9%99%90%E8%8F%9C%E5%8D%95
INFO: [ app_init ] --START--
INFO: Run Behavior\BuildLiteBehavior [ RunTime:0.000013s ]
INFO: [ app_init ] --END-- [ RunTime:0.000290s ]
INFO: [ app_begin ] --START--
INFO: Run Behavior\ReadHtmlCacheBehavior [ RunTime:0.000417s ]
INFO: [ app_begin ] --END-- [ RunTime:0.000471s ]
SQL: SHOW COLUMNS FROM `db_auth_group_access` [ RunTime:0.0032s ]
SQL: SELECT `uid`,`group_id`,`title`,`rules` FROM db_auth_group_access a INNER JOIN db_auth_group g on a.group_id=g.id  WHERE ( a.uid='1' and g.status='1' )  [ RunTime:0.0016s ]
SQL: SHOW COLUMNS FROM `db_auth_rule` [ RunTime:0.0036s ]
SQL: SELECT `condition`,`name` FROM `db_auth_rule` WHERE `id` IN ('35','36','37','38','40','39','43','46','47','48','49','51','52','53','54','55','56','57','58','59','60','61','62','63','64','65','71','72','78','74','75','76','77','79','85','86','87','88','89','90','91','92') AND `type` = 1 AND `status` = 1  [ RunTime:0.0017s ]
SQL: SHOW COLUMNS FROM `db_auth_rule` [ RunTime:0.0036s ]
SQL: SELECT `id`,`name`,`title`,`create_time`,`status`,`sort` FROM `db_auth_rule` WHERE ( pid=0 )  [ RunTime:0.0016s ]
SQL: SELECT `id`,`name`,`title`,`create_time`,`status`,`sort` FROM `db_auth_rule` WHERE ( pid=35 )  [ RunTime:0.0013s ]
SQL: SELECT `id`,`name`,`title`,`create_time`,`status`,`sort` FROM `db_auth_rule` WHERE ( pid=40 )  [ RunTime:0.0018s ]
SQL: SELECT `id`,`name`,`title`,`create_time`,`status`,`sort` FROM `db_auth_rule` WHERE ( pid=48 )  [ RunTime:0.0018s ]
SQL: SELECT `id`,`name`,`title`,`create_time`,`status`,`sort` FROM `db_auth_rule` WHERE ( pid=71 )  [ RunTime:0.0018s ]
SQL: SELECT `id`,`name`,`title`,`create_time`,`status`,`sort` FROM `db_auth_rule` WHERE ( pid=85 )  [ RunTime:0.0017s ]
INFO: [ view_parse ] --START--
INFO: [ template_filter ] --START--
INFO: Run Behavior\ContentReplaceBehavior [ RunTime:0.000054s ]
INFO: [ template_filter ] --END-- [ RunTime:0.000107s ]
NOTIC: [8] Undefined variable: page D:\xampp\htdocs\hg_2016\Runtime\Cache\Admin\a91db2e8444b8307d61a4c034ad5123a.php 第 97 行.
INFO: Run Behavior\ParseTemplateBehavior [ RunTime:0.011378s ]
INFO: [ view_parse ] --END-- [ RunTime:0.011433s ]
INFO: [ view_filter ] --START--
INFO: Run Behavior\WriteHtmlCacheBehavior [ RunTime:0.000324s ]
INFO: [ view_filter ] --END-- [ RunTime:0.000372s ]
INFO: [ app_end ] --START--
INFO: Run Behavior\ShowPageTraceBehavior [ RunTime:0.000681s ]
INFO: [ app_end ] --END-- [ RunTime:0.000765s ]

