[ 2016-05-19T17:42:48+08:00 ] ::1 /hg_2016/Admin/Public/login.html
INFO: [ app_init ] --START--
INFO: Run Behavior\BuildLiteBehavior [ RunTime:0.000018s ]
INFO: [ app_init ] --END-- [ RunTime:0.014458s ]
INFO: [ app_begin ] --START--
INFO: Run Behavior\ReadHtmlCacheBehavior [ RunTime:0.016306s ]
INFO: [ app_begin ] --END-- [ RunTime:0.016392s ]
INFO: [ view_parse ] --START--
INFO: [ template_filter ] --START--
INFO: Run Behavior\ContentReplaceBehavior [ RunTime:0.000116s ]
INFO: [ template_filter ] --END-- [ RunTime:0.000331s ]
INFO: Run Behavior\ParseTemplateBehavior [ RunTime:0.105118s ]
INFO: [ view_parse ] --END-- [ RunTime:0.105209s ]
INFO: [ view_filter ] --START--
INFO: Run Behavior\WriteHtmlCacheBehavior [ RunTime:0.016544s ]
INFO: [ view_filter ] --END-- [ RunTime:0.016620s ]
INFO: [ app_end ] --START--
INFO: Run Behavior\ShowPageTraceBehavior [ RunTime:0.001609s ]
INFO: [ app_end ] --END-- [ RunTime:0.001680s ]

[ 2016-05-19T17:42:48+08:00 ] ::1 /hg_2016/Admin/Public/verify.html
INFO: [ app_init ] --START--
INFO: Run Behavior\BuildLiteBehavior [ RunTime:0.000019s ]
INFO: [ app_init ] --END-- [ RunTime:0.001386s ]
INFO: [ app_begin ] --START--
INFO: Run Behavior\ReadHtmlCacheBehavior [ RunTime:0.001033s ]
INFO: [ app_begin ] --END-- [ RunTime:0.001116s ]
INFO: [ app_end ] --START--
INFO: Run Behavior\ShowPageTraceBehavior [ RunTime:0.001019s ]
INFO: [ app_end ] --END-- [ RunTime:0.001104s ]

[ 2016-05-19T17:43:12+08:00 ] ::1 /hg_2016/Admin/Public/login.html
INFO: [ app_init ] --START--
INFO: Run Behavior\BuildLiteBehavior [ RunTime:0.000020s ]
INFO: [ app_init ] --END-- [ RunTime:0.000703s ]
INFO: [ app_begin ] --START--
INFO: Run Behavior\ReadHtmlCacheBehavior [ RunTime:0.001254s ]
INFO: [ app_begin ] --END-- [ RunTime:0.001329s ]
SQL: SHOW COLUMNS FROM `db_admin` [ RunTime:0.0042s ]
INFO: [ view_parse ] --START--
INFO: [ template_filter ] --START--
INFO: Run Behavior\ContentReplaceBehavior [ RunTime:0.000052s ]
INFO: [ template_filter ] --END-- [ RunTime:0.000128s ]
INFO: Run Behavior\ParseTemplateBehavior [ RunTime:0.021267s ]
INFO: [ view_parse ] --END-- [ RunTime:0.021332s ]
INFO: [ view_filter ] --START--
INFO: Run Behavior\WriteHtmlCacheBehavior [ RunTime:0.000652s ]
INFO: [ view_filter ] --END-- [ RunTime:0.000703s ]

[ 2016-05-19T17:43:15+08:00 ] ::1 /hg_2016/Admin/Public/login.html
INFO: [ app_init ] --START--
INFO: Run Behavior\BuildLiteBehavior [ RunTime:0.000022s ]
INFO: [ app_init ] --END-- [ RunTime:0.000542s ]
INFO: [ app_begin ] --START--
INFO: Run Behavior\ReadHtmlCacheBehavior [ RunTime:0.000762s ]
INFO: [ app_begin ] --END-- [ RunTime:0.000819s ]
INFO: [ view_parse ] --START--
INFO: [ template_filter ] --START--
INFO: Run Behavior\ContentReplaceBehavior [ RunTime:0.000064s ]
INFO: [ template_filter ] --END-- [ RunTime:0.000138s ]
INFO: Run Behavior\ParseTemplateBehavior [ RunTime:0.008366s ]
INFO: [ view_parse ] --END-- [ RunTime:0.008428s ]
INFO: [ view_filter ] --START--
INFO: Run Behavior\WriteHtmlCacheBehavior [ RunTime:0.000593s ]
INFO: [ view_filter ] --END-- [ RunTime:0.000633s ]
INFO: [ app_end ] --START--
INFO: Run Behavior\ShowPageTraceBehavior [ RunTime:0.000741s ]
INFO: [ app_end ] --END-- [ RunTime:0.000782s ]

[ 2016-05-19T17:43:15+08:00 ] ::1 /hg_2016/Admin/Public/verify.html
INFO: [ app_init ] --START--
INFO: Run Behavior\BuildLiteBehavior [ RunTime:0.000019s ]
INFO: [ app_init ] --END-- [ RunTime:0.000593s ]
INFO: [ app_begin ] --START--
INFO: Run Behavior\ReadHtmlCacheBehavior [ RunTime:0.001500s ]
INFO: [ app_begin ] --END-- [ RunTime:0.001596s ]
INFO: [ app_end ] --START--
INFO: Run Behavior\ShowPageTraceBehavior [ RunTime:0.001026s ]
INFO: [ app_end ] --END-- [ RunTime:0.002414s ]

[ 2016-05-19T17:43:23+08:00 ] ::1 /hg_2016/Admin/Public/login.html
INFO: [ app_init ] --START--
INFO: Run Behavior\BuildLiteBehavior [ RunTime:0.000021s ]
INFO: [ app_init ] --END-- [ RunTime:0.000363s ]
INFO: [ app_begin ] --START--
INFO: Run Behavior\ReadHtmlCacheBehavior [ RunTime:0.000891s ]
INFO: [ app_begin ] --END-- [ RunTime:0.000961s ]
SQL: SHOW COLUMNS FROM `db_admin` [ RunTime:0.0042s ]
SQL: SELECT `id`,`account`,`password`,`login_count`,`status` FROM `db_admin` WHERE `account` = 'admin' AND `password` = '21232f297a57a5a743894a0e4a801fc3' LIMIT 1   [ RunTime:0.0013s ]
SQL: UPDATE `db_admin` SET `login_ip`='0.0.0.0',`login_time`='1463651003',`login_count`='691' WHERE `id` = 1 [ RunTime:0.0736s ]
INFO: [ view_parse ] --START--
INFO: [ template_filter ] --START--
INFO: Run Behavior\ContentReplaceBehavior [ RunTime:0.000051s ]
INFO: [ template_filter ] --END-- [ RunTime:0.000121s ]
INFO: Run Behavior\ParseTemplateBehavior [ RunTime:0.007555s ]
INFO: [ view_parse ] --END-- [ RunTime:0.007627s ]
INFO: [ view_filter ] --START--
INFO: Run Behavior\WriteHtmlCacheBehavior [ RunTime:0.000751s ]
INFO: [ view_filter ] --END-- [ RunTime:0.000812s ]
INFO: [ app_end ] --START--
INFO: Run Behavior\ShowPageTraceBehavior [ RunTime:0.000787s ]
INFO: [ app_end ] --END-- [ RunTime:0.000839s ]

[ 2016-05-19T17:43:24+08:00 ] ::1 /hg_2016/Admin/Index/index.html
INFO: [ app_init ] --START--
INFO: Run Behavior\BuildLiteBehavior [ RunTime:0.000022s ]
INFO: [ app_init ] --END-- [ RunTime:0.000671s ]
INFO: [ app_begin ] --START--
INFO: Run Behavior\ReadHtmlCacheBehavior [ RunTime:0.000832s ]
INFO: [ app_begin ] --END-- [ RunTime:0.000907s ]
SQL: SHOW COLUMNS FROM `db_auth_rule` [ RunTime:0.0038s ]
SQL: SELECT `id`,`name`,`title` FROM `db_auth_rule` WHERE `pid` = 0 AND `status` = 1 ORDER BY id desc  [ RunTime:0.0014s ]
SQL: SHOW COLUMNS FROM `db_auth_group_access` [ RunTime:0.0036s ]
SQL: SELECT `uid`,`group_id`,`title`,`rules` FROM db_auth_group_access a INNER JOIN db_auth_group g on a.group_id=g.id  WHERE ( a.uid='1' and g.status='1' )  [ RunTime:0.0017s ]
SQL: SHOW COLUMNS FROM `db_auth_rule` [ RunTime:0.0033s ]
SQL: SELECT `condition`,`name` FROM `db_auth_rule` WHERE `id` IN ('35','36','37','38','40','39','43','46','47','48','49','51','52','53','54','55','56','57','58','59','60','61','62','63','64','65','71','72','78','74','75','76','77','79','85','86','87','88','89','90','91','92') AND `type` = 1 AND `status` = 1  [ RunTime:0.0014s ]
SQL: SELECT `id`,`name`,`title` FROM `db_auth_rule` WHERE ( pid=85 AND status=1 )  [ RunTime:0.0014s ]
SQL: SELECT `id`,`name`,`title` FROM `db_auth_rule` WHERE ( pid=40 AND status=1 )  [ RunTime:0.0013s ]
SQL: SELECT `id`,`name`,`title` FROM `db_auth_rule` WHERE ( pid=35 AND status=1 )  [ RunTime:0.0012s ]
INFO: [ view_parse ] --START--
INFO: [ template_filter ] --START--
INFO: Run Behavior\ContentReplaceBehavior [ RunTime:0.000085s ]
INFO: [ template_filter ] --END-- [ RunTime:0.000191s ]
INFO: Run Behavior\ParseTemplateBehavior [ RunTime:0.075252s ]
INFO: [ view_parse ] --END-- [ RunTime:0.075326s ]
INFO: [ view_filter ] --START--
INFO: Run Behavior\WriteHtmlCacheBehavior [ RunTime:0.000637s ]
INFO: [ view_filter ] --END-- [ RunTime:0.000678s ]
INFO: [ app_end ] --START--
INFO: Run Behavior\ShowPageTraceBehavior [ RunTime:0.000719s ]
INFO: [ app_end ] --END-- [ RunTime:0.000757s ]

[ 2016-05-19T17:43:24+08:00 ] ::1 /hg_2016/Admin/Member/member_list.html
INFO: [ app_init ] --START--
INFO: Run Behavior\BuildLiteBehavior [ RunTime:0.000020s ]
INFO: [ app_init ] --END-- [ RunTime:0.000545s ]
INFO: [ app_begin ] --START--
INFO: Run Behavior\ReadHtmlCacheBehavior [ RunTime:0.000896s ]
INFO: [ app_begin ] --END-- [ RunTime:0.000953s ]
SQL: SHOW COLUMNS FROM `db_member` [ RunTime:0.0051s ]
NOTIC: [8] Undefined index: order D:\xampp\htdocs\hg_2016\Application\Admin\Controller\MemberController.class.php 第 49 行.
SQL: SHOW COLUMNS FROM `db_auth_group_access` [ RunTime:0.0033s ]
SQL: SELECT `uid`,`group_id`,`title`,`rules` FROM db_auth_group_access a INNER JOIN db_auth_group g on a.group_id=g.id  WHERE ( a.uid='1' and g.status='1' )  [ RunTime:0.0017s ]
SQL: SELECT COUNT(*) AS tp_count FROM `db_member` WHERE `status` = 1 AND `department_x` IN ('1','2','3','4','5','6','7') LIMIT 1   [ RunTime:0.0013s ]
SQL: SELECT `id`,`status`,`realname`,`loginname`,`codeid`,`time`,`tel`,`agentname`,`groupname`,`department`,`birthday`,`jihuotime`,`jihuomoney`,`birthday`,`moniname`,`agentname_x`,`groupname_x`,`department_x` FROM `db_member` WHERE `status` = 1 AND `department_x` IN ('1','2','3','4','5','6','7') ORDER BY id ASC LIMIT 0,15   [ RunTime:0.0023s ]
SQL: SELECT COUNT(*) AS tp_count FROM `db_member` WHERE `realname` = '大白' LIMIT 1   [ RunTime:0.0013s ]
SQL: SELECT COUNT(*) AS tp_count FROM `db_member` WHERE `realname` = '晓听' LIMIT 1   [ RunTime:0.0015s ]
SQL: SELECT COUNT(*) AS tp_count FROM `db_member` WHERE `realname` = '建飞' LIMIT 1   [ RunTime:0.0014s ]
SQL: SELECT COUNT(*) AS tp_count FROM `db_member` WHERE `realname` = '志逛' LIMIT 1   [ RunTime:0.0016s ]
SQL: SELECT COUNT(*) AS tp_count FROM `db_member` WHERE `realname` = '文万' LIMIT 1   [ RunTime:0.0014s ]
SQL: SELECT COUNT(*) AS tp_count FROM `db_member` WHERE `codeid` = '610303199311222038' LIMIT 1   [ RunTime:0.0014s ]
SQL: SELECT COUNT(*) AS tp_count FROM `db_member` WHERE `codeid` = '452728199310280011' LIMIT 1   [ RunTime:0.0008s ]
SQL: SELECT COUNT(*) AS tp_count FROM `db_member` WHERE `codeid` = '510282197210283397' LIMIT 1   [ RunTime:0.0016s ]
SQL: SELECT COUNT(*) AS tp_count FROM `db_member` WHERE `codeid` = '130984197804151513' LIMIT 1   [ RunTime:0.0014s ]
SQL: SELECT COUNT(*) AS tp_count FROM `db_member` WHERE `codeid` = '410782199008020938' LIMIT 1   [ RunTime:0.0013s ]
INFO: [ view_parse ] --START--
INFO: [ template_filter ] --START--
INFO: Run Behavior\ContentReplaceBehavior [ RunTime:0.000324s ]
INFO: [ template_filter ] --END-- [ RunTime:0.000390s ]
NOTIC: [8] Use of undefined constant id - assumed 'id' D:\xampp\htdocs\hg_2016\Runtime\Cache\Admin\52a0e83745da64968300eec9e9de24d9.php 第 748 行.
NOTIC: [8] Use of undefined constant id - assumed 'id' D:\xampp\htdocs\hg_2016\Runtime\Cache\Admin\52a0e83745da64968300eec9e9de24d9.php 第 748 行.
NOTIC: [8] Use of undefined constant id - assumed 'id' D:\xampp\htdocs\hg_2016\Runtime\Cache\Admin\52a0e83745da64968300eec9e9de24d9.php 第 748 行.
NOTIC: [8] Use of undefined constant id - assumed 'id' D:\xampp\htdocs\hg_2016\Runtime\Cache\Admin\52a0e83745da64968300eec9e9de24d9.php 第 748 行.
NOTIC: [8] Use of undefined constant id - assumed 'id' D:\xampp\htdocs\hg_2016\Runtime\Cache\Admin\52a0e83745da64968300eec9e9de24d9.php 第 748 行.
INFO: Run Behavior\ParseTemplateBehavior [ RunTime:0.026558s ]
INFO: [ view_parse ] --END-- [ RunTime:0.026616s ]
INFO: [ view_filter ] --START--
INFO: Run Behavior\WriteHtmlCacheBehavior [ RunTime:0.000631s ]
INFO: [ view_filter ] --END-- [ RunTime:0.000669s ]
INFO: [ app_end ] --START--
INFO: Run Behavior\ShowPageTraceBehavior [ RunTime:0.001439s ]
INFO: [ app_end ] --END-- [ RunTime:0.001555s ]

[ 2016-05-19T17:43:31+08:00 ] ::1 /hg_2016/Admin/NewMember/member_list?menu_title=%E9%87%91%E8%A3%95%E9%81%93%20-%3E%20%E5%AE%A2%E6%88%B7%E5%88%97%E8%A1%A8
INFO: [ app_init ] --START--
INFO: Run Behavior\BuildLiteBehavior [ RunTime:0.000020s ]
INFO: [ app_init ] --END-- [ RunTime:0.000575s ]
INFO: [ app_begin ] --START--
INFO: Run Behavior\ReadHtmlCacheBehavior [ RunTime:0.000731s ]
INFO: [ app_begin ] --END-- [ RunTime:0.000793s ]
SQL: SHOW COLUMNS FROM `db_new_member` [ RunTime:0.0052s ]
NOTIC: [8] Undefined index: order D:\xampp\htdocs\hg_2016\Application\Admin\Controller\NewMemberController.class.php 第 50 行.
SQL: SHOW COLUMNS FROM `db_auth_group_access` [ RunTime:0.0032s ]
SQL: SELECT `uid`,`group_id`,`title`,`rules` FROM db_auth_group_access a INNER JOIN db_auth_group g on a.group_id=g.id  WHERE ( a.uid='1' and g.status='1' )  [ RunTime:0.0016s ]
SQL: SELECT COUNT(*) AS tp_count FROM `db_new_member` WHERE `status` = 1 AND `department_x` IN ('1','2','3','4','5','6','7') LIMIT 1   [ RunTime:0.0011s ]
SQL: SELECT `id`,`status`,`realname`,`loginname`,`codeid`,`time`,`sex`,`tel`,`agentname`,`groupname`,`department`,`jihuotime`,`jihuomoney`,`loginuser`,`kaihuform`,`birthday`,`moniname`,`agentname_x`,`department_x`,`groupname_x` FROM `db_new_member` WHERE `status` = 1 AND `department_x` IN ('1','2','3','4','5','6','7') ORDER BY id ASC LIMIT 0,10   [ RunTime:0.0023s ]
SQL: SELECT COUNT(*) AS tp_count FROM `db_new_member` WHERE `realname` = ' 张二' LIMIT 1   [ RunTime:0.0018s ]
SQL: SELECT COUNT(*) AS tp_count FROM `db_new_member` WHERE `realname` = ' 张三' LIMIT 1   [ RunTime:0.0013s ]
SQL: SELECT COUNT(*) AS tp_count FROM `db_new_member` WHERE `realname` = ' 张四' LIMIT 1   [ RunTime:0.0016s ]
SQL: SELECT COUNT(*) AS tp_count FROM `db_new_member` WHERE `codeid` = '32038119820825241X' LIMIT 1   [ RunTime:0.0013s ]
SQL: SELECT COUNT(*) AS tp_count FROM `db_new_member` WHERE `codeid` = '32038119830825241x' LIMIT 1   [ RunTime:0.0015s ]
SQL: SELECT COUNT(*) AS tp_count FROM `db_new_member` WHERE `codeid` = '320381198408252410' LIMIT 1   [ RunTime:0.0015s ]
INFO: [ view_parse ] --START--
INFO: [ template_filter ] --START--
INFO: Run Behavior\ContentReplaceBehavior [ RunTime:0.000217s ]
INFO: [ template_filter ] --END-- [ RunTime:0.000284s ]
NOTIC: [8] Use of undefined constant id - assumed 'id' D:\xampp\htdocs\hg_2016\Runtime\Cache\Admin\ae049a753715e326242351bd455b01cd.php 第 506 行.
NOTIC: [8] Use of undefined constant id - assumed 'id' D:\xampp\htdocs\hg_2016\Runtime\Cache\Admin\ae049a753715e326242351bd455b01cd.php 第 506 行.
NOTIC: [8] Use of undefined constant id - assumed 'id' D:\xampp\htdocs\hg_2016\Runtime\Cache\Admin\ae049a753715e326242351bd455b01cd.php 第 506 行.
INFO: Run Behavior\ParseTemplateBehavior [ RunTime:0.025357s ]
INFO: [ view_parse ] --END-- [ RunTime:0.025417s ]
INFO: [ view_filter ] --START--
INFO: Run Behavior\WriteHtmlCacheBehavior [ RunTime:0.000752s ]
INFO: [ view_filter ] --END-- [ RunTime:0.000798s ]
INFO: [ app_end ] --START--
INFO: Run Behavior\ShowPageTraceBehavior [ RunTime:0.001036s ]
INFO: [ app_end ] --END-- [ RunTime:0.001109s ]

[ 2016-05-19T17:43:32+08:00 ] ::1 /hg_2016/Admin/Member/member_list?menu_title=%E8%A3%95%E9%81%93%20-%3E%20%E5%AE%A2%E6%88%B7%E5%88%97%E8%A1%A8
INFO: [ app_init ] --START--
INFO: Run Behavior\BuildLiteBehavior [ RunTime:0.000019s ]
INFO: [ app_init ] --END-- [ RunTime:0.000538s ]
INFO: [ app_begin ] --START--
INFO: Run Behavior\ReadHtmlCacheBehavior [ RunTime:0.001066s ]
INFO: [ app_begin ] --END-- [ RunTime:0.001146s ]
SQL: SHOW COLUMNS FROM `db_member` [ RunTime:0.0042s ]
NOTIC: [8] Undefined index: order D:\xampp\htdocs\hg_2016\Application\Admin\Controller\MemberController.class.php 第 49 行.
SQL: SHOW COLUMNS FROM `db_auth_group_access` [ RunTime:0.0036s ]
SQL: SELECT `uid`,`group_id`,`title`,`rules` FROM db_auth_group_access a INNER JOIN db_auth_group g on a.group_id=g.id  WHERE ( a.uid='1' and g.status='1' )  [ RunTime:0.0013s ]
SQL: SELECT COUNT(*) AS tp_count FROM `db_member` WHERE `status` = 1 AND `department_x` IN ('1','2','3','4','5','6','7') LIMIT 1   [ RunTime:0.0011s ]
SQL: SELECT `id`,`status`,`realname`,`loginname`,`codeid`,`time`,`tel`,`agentname`,`groupname`,`department`,`birthday`,`jihuotime`,`jihuomoney`,`birthday`,`moniname`,`agentname_x`,`groupname_x`,`department_x` FROM `db_member` WHERE `status` = 1 AND `department_x` IN ('1','2','3','4','5','6','7') ORDER BY id ASC LIMIT 0,15   [ RunTime:0.0013s ]
SQL: SELECT COUNT(*) AS tp_count FROM `db_member` WHERE `realname` = '大白' LIMIT 1   [ RunTime:0.0012s ]
SQL: SELECT COUNT(*) AS tp_count FROM `db_member` WHERE `realname` = '晓听' LIMIT 1   [ RunTime:0.0013s ]
SQL: SELECT COUNT(*) AS tp_count FROM `db_member` WHERE `realname` = '建飞' LIMIT 1   [ RunTime:0.0015s ]
SQL: SELECT COUNT(*) AS tp_count FROM `db_member` WHERE `realname` = '志逛' LIMIT 1   [ RunTime:0.0014s ]
SQL: SELECT COUNT(*) AS tp_count FROM `db_member` WHERE `realname` = '文万' LIMIT 1   [ RunTime:0.0019s ]
SQL: SELECT COUNT(*) AS tp_count FROM `db_member` WHERE `codeid` = '610303199311222038' LIMIT 1   [ RunTime:0.0011s ]
SQL: SELECT COUNT(*) AS tp_count FROM `db_member` WHERE `codeid` = '452728199310280011' LIMIT 1   [ RunTime:0.0014s ]
SQL: SELECT COUNT(*) AS tp_count FROM `db_member` WHERE `codeid` = '510282197210283397' LIMIT 1   [ RunTime:0.0007s ]
SQL: SELECT COUNT(*) AS tp_count FROM `db_member` WHERE `codeid` = '130984197804151513' LIMIT 1   [ RunTime:0.0014s ]
SQL: SELECT COUNT(*) AS tp_count FROM `db_member` WHERE `codeid` = '410782199008020938' LIMIT 1   [ RunTime:0.0006s ]
INFO: [ view_parse ] --START--
INFO: [ template_filter ] --START--
INFO: Run Behavior\ContentReplaceBehavior [ RunTime:0.000320s ]
INFO: [ template_filter ] --END-- [ RunTime:0.000391s ]
NOTIC: [8] Use of undefined constant id - assumed 'id' D:\xampp\htdocs\hg_2016\Runtime\Cache\Admin\52a0e83745da64968300eec9e9de24d9.php 第 748 行.
NOTIC: [8] Use of undefined constant id - assumed 'id' D:\xampp\htdocs\hg_2016\Runtime\Cache\Admin\52a0e83745da64968300eec9e9de24d9.php 第 748 行.
NOTIC: [8] Use of undefined constant id - assumed 'id' D:\xampp\htdocs\hg_2016\Runtime\Cache\Admin\52a0e83745da64968300eec9e9de24d9.php 第 748 行.
NOTIC: [8] Use of undefined constant id - assumed 'id' D:\xampp\htdocs\hg_2016\Runtime\Cache\Admin\52a0e83745da64968300eec9e9de24d9.php 第 748 行.
NOTIC: [8] Use of undefined constant id - assumed 'id' D:\xampp\htdocs\hg_2016\Runtime\Cache\Admin\52a0e83745da64968300eec9e9de24d9.php 第 748 行.
INFO: Run Behavior\ParseTemplateBehavior [ RunTime:0.027831s ]
INFO: [ view_parse ] --END-- [ RunTime:0.027915s ]
INFO: [ view_filter ] --START--
INFO: Run Behavior\WriteHtmlCacheBehavior [ RunTime:0.000793s ]
INFO: [ view_filter ] --END-- [ RunTime:0.000853s ]
INFO: [ app_end ] --START--
INFO: Run Behavior\ShowPageTraceBehavior [ RunTime:0.000893s ]
INFO: [ app_end ] --END-- [ RunTime:0.000957s ]

[ 2016-05-19T17:43:41+08:00 ] ::1 /hg_2016/Admin/Member/edit_mul
INFO: [ app_init ] --START--
INFO: Run Behavior\BuildLiteBehavior [ RunTime:0.000017s ]
INFO: [ app_init ] --END-- [ RunTime:0.000474s ]
INFO: [ app_begin ] --START--
INFO: Run Behavior\ReadHtmlCacheBehavior [ RunTime:0.001035s ]
INFO: [ app_begin ] --END-- [ RunTime:0.001119s ]
SQL: SHOW COLUMNS FROM `db_member` [ RunTime:0.0051s ]
NOTIC: [8] Undefined index: p D:\xampp\htdocs\hg_2016\Application\Admin\Controller\MemberController.class.php 第 446 行.
NOTIC: [8] Undefined index: limit D:\xampp\htdocs\hg_2016\Core\Library\Think\Db\Driver.class.php 第 950 行.
SQL: SELECT `id`,`realname`,`agentname`,`groupname`,`department`,`moniname` FROM `db_member` WHERE `id` IN ('14222','14223','14224','14225','14226') ORDER BY id ASC LIMIT 0,20   [ RunTime:0.0021s ]
INFO: [ view_parse ] --START--
INFO: [ template_filter ] --START--
INFO: Run Behavior\ContentReplaceBehavior [ RunTime:0.000089s ]
INFO: [ template_filter ] --END-- [ RunTime:0.000163s ]
NOTIC: [8] Undefined variable: page D:\xampp\htdocs\hg_2016\Runtime\Cache\Admin\546972afeaeae06c35e75ca60f7c5ea2.php 第 169 行.
INFO: Run Behavior\ParseTemplateBehavior [ RunTime:0.085614s ]
INFO: [ view_parse ] --END-- [ RunTime:0.085704s ]
INFO: [ view_filter ] --START--
INFO: Run Behavior\WriteHtmlCacheBehavior [ RunTime:0.000691s ]
INFO: [ view_filter ] --END-- [ RunTime:0.000747s ]
INFO: [ app_end ] --START--
INFO: Run Behavior\ShowPageTraceBehavior [ RunTime:0.000664s ]
INFO: [ app_end ] --END-- [ RunTime:0.000709s ]

[ 2016-05-19T17:43:51+08:00 ] ::1 /hg_2016/Admin/Member/view?menu_title=%E8%A3%95%E9%81%93%20-%3E%20%E6%9F%A5%E7%9C%8B%E6%89%8B%E6%9C%BA%E5%8F%B7
INFO: [ app_init ] --START--
INFO: Run Behavior\BuildLiteBehavior [ RunTime:0.000016s ]
INFO: [ app_init ] --END-- [ RunTime:0.000540s ]
INFO: [ app_begin ] --START--
INFO: Run Behavior\ReadHtmlCacheBehavior [ RunTime:0.000940s ]
INFO: [ app_begin ] --END-- [ RunTime:0.001000s ]
SQL: SHOW COLUMNS FROM `db_auth_rule` [ RunTime:0.0043s ]
SQL: SELECT `id`,`name`,`title` FROM `db_auth_rule` WHERE `pid` = 0 AND `status` = 1  [ RunTime:0.0016s ]
SQL: SHOW COLUMNS FROM `db_auth_group_access` [ RunTime:0.0036s ]
SQL: SELECT `uid`,`group_id`,`title`,`rules` FROM db_auth_group_access a INNER JOIN db_auth_group g on a.group_id=g.id  WHERE ( a.uid='1' and g.status='1' )  [ RunTime:0.0018s ]
SQL: SHOW COLUMNS FROM `db_auth_rule` [ RunTime:0.0036s ]
SQL: SELECT `condition`,`name` FROM `db_auth_rule` WHERE `id` IN ('35','36','37','38','40','39','43','46','47','48','49','51','52','53','54','55','56','57','58','59','60','61','62','63','64','65','71','72','78','74','75','76','77','79','85','86','87','88','89','90','91','92') AND `type` = 1 AND `status` = 1  [ RunTime:0.0017s ]
SQL: SHOW COLUMNS FROM `db_member` [ RunTime:0.0047s ]
NOTIC: [8] Undefined index: order D:\xampp\htdocs\hg_2016\Application\Admin\Controller\MemberController.class.php 第 49 行.
SQL: SELECT COUNT(*) AS tp_count FROM `db_member` WHERE `status` = 1 AND `department_x` IN ('1','2','3','4','5','6','7') LIMIT 1   [ RunTime:0.0014s ]
SQL: SELECT `id`,`status`,`realname`,`loginname`,`codeid`,`time`,`tel`,`agentname`,`groupname`,`department`,`birthday`,`jihuotime`,`jihuomoney`,`birthday`,`moniname`,`agentname_x`,`groupname_x`,`department_x` FROM `db_member` WHERE `status` = 1 AND `department_x` IN ('1','2','3','4','5','6','7') ORDER BY id ASC LIMIT 0,15   [ RunTime:0.0025s ]
SQL: SELECT COUNT(*) AS tp_count FROM `db_member` WHERE `realname` = '大白' LIMIT 1   [ RunTime:0.0017s ]
SQL: SELECT COUNT(*) AS tp_count FROM `db_member` WHERE `realname` = '晓听' LIMIT 1   [ RunTime:0.0019s ]
SQL: SELECT COUNT(*) AS tp_count FROM `db_member` WHERE `realname` = '建飞' LIMIT 1   [ RunTime:0.0018s ]
SQL: SELECT COUNT(*) AS tp_count FROM `db_member` WHERE `realname` = '志逛' LIMIT 1   [ RunTime:0.0019s ]
SQL: SELECT COUNT(*) AS tp_count FROM `db_member` WHERE `realname` = '文万' LIMIT 1   [ RunTime:0.0018s ]
SQL: SELECT COUNT(*) AS tp_count FROM `db_member` WHERE `codeid` = '610303199311222038' LIMIT 1   [ RunTime:0.0011s ]
SQL: SELECT COUNT(*) AS tp_count FROM `db_member` WHERE `codeid` = '452728199310280011' LIMIT 1   [ RunTime:0.0017s ]
SQL: SELECT COUNT(*) AS tp_count FROM `db_member` WHERE `codeid` = '510282197210283397' LIMIT 1   [ RunTime:0.0019s ]
SQL: SELECT COUNT(*) AS tp_count FROM `db_member` WHERE `codeid` = '130984197804151513' LIMIT 1   [ RunTime:0.0010s ]
SQL: SELECT COUNT(*) AS tp_count FROM `db_member` WHERE `codeid` = '410782199008020938' LIMIT 1   [ RunTime:0.0021s ]
INFO: [ view_parse ] --START--
INFO: [ template_filter ] --START--
INFO: Run Behavior\ContentReplaceBehavior [ RunTime:0.000274s ]
INFO: [ template_filter ] --END-- [ RunTime:0.000338s ]
NOTIC: [8] Use of undefined constant id - assumed 'id' D:\xampp\htdocs\hg_2016\Runtime\Cache\Admin\52a0e83745da64968300eec9e9de24d9.php 第 748 行.
NOTIC: [8] Use of undefined constant id - assumed 'id' D:\xampp\htdocs\hg_2016\Runtime\Cache\Admin\52a0e83745da64968300eec9e9de24d9.php 第 748 行.
NOTIC: [8] Use of undefined constant id - assumed 'id' D:\xampp\htdocs\hg_2016\Runtime\Cache\Admin\52a0e83745da64968300eec9e9de24d9.php 第 748 行.
NOTIC: [8] Use of undefined constant id - assumed 'id' D:\xampp\htdocs\hg_2016\Runtime\Cache\Admin\52a0e83745da64968300eec9e9de24d9.php 第 748 行.
NOTIC: [8] Use of undefined constant id - assumed 'id' D:\xampp\htdocs\hg_2016\Runtime\Cache\Admin\52a0e83745da64968300eec9e9de24d9.php 第 748 行.
INFO: Run Behavior\ParseTemplateBehavior [ RunTime:0.023543s ]
INFO: [ view_parse ] --END-- [ RunTime:0.023602s ]
INFO: [ view_filter ] --START--
INFO: Run Behavior\WriteHtmlCacheBehavior [ RunTime:0.000678s ]
INFO: [ view_filter ] --END-- [ RunTime:0.000720s ]
INFO: [ app_end ] --START--
INFO: Run Behavior\ShowPageTraceBehavior [ RunTime:0.001256s ]
INFO: [ app_end ] --END-- [ RunTime:0.001333s ]

[ 2016-05-19T17:43:54+08:00 ] ::1 /hg_2016/Admin/Admin/admin_list?menu_title=%E7%B3%BB%E7%BB%9F%E7%AE%A1%E7%90%86%20-%3E%20%E7%AE%A1%E7%90%86%E5%91%98%E5%88%97%E8%A1%A8
INFO: [ app_init ] --START--
INFO: Run Behavior\BuildLiteBehavior [ RunTime:0.000013s ]
INFO: [ app_init ] --END-- [ RunTime:0.000370s ]
INFO: [ app_begin ] --START--
INFO: Run Behavior\ReadHtmlCacheBehavior [ RunTime:0.000834s ]
INFO: [ app_begin ] --END-- [ RunTime:0.000892s ]
SQL: SHOW COLUMNS FROM `db_admin` [ RunTime:0.0038s ]
NOTIC: [8] Undefined index: p D:\xampp\htdocs\hg_2016\Application\Admin\Controller\AdminController.class.php 第 19 行.
NOTIC: [8] Undefined index: limit D:\xampp\htdocs\hg_2016\Core\Library\Think\Db\Driver.class.php 第 950 行.
SQL: SELECT * FROM `db_admin` ORDER BY id DESC LIMIT 0,20   [ RunTime:0.0014s ]
SQL: SHOW COLUMNS FROM `db_auth_group_access` [ RunTime:0.0030s ]
SQL: SELECT `uid`,`group_id`,`title`,`rules` FROM db_auth_group_access a INNER JOIN db_auth_group g on a.group_id=g.id  WHERE ( a.uid='14' and g.status='1' )  [ RunTime:0.0014s ]
SQL: SHOW COLUMNS FROM `db_auth_group_access` [ RunTime:0.0031s ]
SQL: SELECT `uid`,`group_id`,`title`,`rules` FROM db_auth_group_access a INNER JOIN db_auth_group g on a.group_id=g.id  WHERE ( a.uid='12' and g.status='1' )  [ RunTime:0.0014s ]
SQL: SHOW COLUMNS FROM `db_auth_group_access` [ RunTime:0.0033s ]
SQL: SELECT `uid`,`group_id`,`title`,`rules` FROM db_auth_group_access a INNER JOIN db_auth_group g on a.group_id=g.id  WHERE ( a.uid='6' and g.status='1' )  [ RunTime:0.0015s ]
SQL: SHOW COLUMNS FROM `db_auth_group_access` [ RunTime:0.0030s ]
SQL: SELECT `uid`,`group_id`,`title`,`rules` FROM db_auth_group_access a INNER JOIN db_auth_group g on a.group_id=g.id  WHERE ( a.uid='5' and g.status='1' )  [ RunTime:0.0014s ]
SQL: SHOW COLUMNS FROM `db_auth_group_access` [ RunTime:0.0031s ]
SQL: SELECT `uid`,`group_id`,`title`,`rules` FROM db_auth_group_access a INNER JOIN db_auth_group g on a.group_id=g.id  WHERE ( a.uid='4' and g.status='1' )  [ RunTime:0.0005s ]
SQL: SHOW COLUMNS FROM `db_auth_group_access` [ RunTime:0.0034s ]
SQL: SELECT `uid`,`group_id`,`title`,`rules` FROM db_auth_group_access a INNER JOIN db_auth_group g on a.group_id=g.id  WHERE ( a.uid='2' and g.status='1' )  [ RunTime:0.0016s ]
SQL: SHOW COLUMNS FROM `db_auth_group_access` [ RunTime:0.0033s ]
SQL: SELECT `uid`,`group_id`,`title`,`rules` FROM db_auth_group_access a INNER JOIN db_auth_group g on a.group_id=g.id  WHERE ( a.uid='1' and g.status='1' )  [ RunTime:0.0016s ]
NOTIC: [8] Use of undefined constant id - assumed 'id' D:\xampp\htdocs\hg_2016\Application\Admin\Controller\AdminController.class.php 第 28 行.
SQL: SELECT COUNT(id) AS tp_count FROM `db_admin` LIMIT 1   [ RunTime:0.0014s ]
INFO: [ view_parse ] --START--
INFO: [ template_filter ] --START--
INFO: Run Behavior\ContentReplaceBehavior [ RunTime:0.000051s ]
INFO: [ template_filter ] --END-- [ RunTime:0.000109s ]
NOTIC: [8] Use of undefined constant id - assumed 'id' D:\xampp\htdocs\hg_2016\Runtime\Cache\Admin\3226f918dacc74d0e61fbe12999479d2.php 第 97 行.
NOTIC: [8] Use of undefined constant id - assumed 'id' D:\xampp\htdocs\hg_2016\Runtime\Cache\Admin\3226f918dacc74d0e61fbe12999479d2.php 第 97 行.
NOTIC: [8] Use of undefined constant id - assumed 'id' D:\xampp\htdocs\hg_2016\Runtime\Cache\Admin\3226f918dacc74d0e61fbe12999479d2.php 第 97 行.
NOTIC: [8] Use of undefined constant id - assumed 'id' D:\xampp\htdocs\hg_2016\Runtime\Cache\Admin\3226f918dacc74d0e61fbe12999479d2.php 第 97 行.
NOTIC: [8] Use of undefined constant id - assumed 'id' D:\xampp\htdocs\hg_2016\Runtime\Cache\Admin\3226f918dacc74d0e61fbe12999479d2.php 第 97 行.
NOTIC: [8] Use of undefined constant id - assumed 'id' D:\xampp\htdocs\hg_2016\Runtime\Cache\Admin\3226f918dacc74d0e61fbe12999479d2.php 第 97 行.
INFO: Run Behavior\ParseTemplateBehavior [ RunTime:0.025006s ]
INFO: [ view_parse ] --END-- [ RunTime:0.025076s ]
INFO: [ view_filter ] --START--
INFO: Run Behavior\WriteHtmlCacheBehavior [ RunTime:0.000621s ]
INFO: [ view_filter ] --END-- [ RunTime:0.000668s ]
INFO: [ app_end ] --START--
INFO: Run Behavior\ShowPageTraceBehavior [ RunTime:0.000894s ]
INFO: [ app_end ] --END-- [ RunTime:0.000940s ]

[ 2016-05-19T17:43:57+08:00 ] ::1 /hg_2016/Admin/Admin/auth_group?menu_title=%E7%B3%BB%E7%BB%9F%E7%AE%A1%E7%90%86%20-%3E%20%E7%94%A8%E6%88%B7%E7%BB%84
INFO: [ app_init ] --START--
INFO: Run Behavior\BuildLiteBehavior [ RunTime:0.000016s ]
INFO: [ app_init ] --END-- [ RunTime:0.000452s ]
INFO: [ app_begin ] --START--
INFO: Run Behavior\ReadHtmlCacheBehavior [ RunTime:0.000871s ]
INFO: [ app_begin ] --END-- [ RunTime:0.000943s ]
SQL: SHOW COLUMNS FROM `db_auth_group_access` [ RunTime:0.0032s ]
SQL: SELECT `uid`,`group_id`,`title`,`rules` FROM db_auth_group_access a INNER JOIN db_auth_group g on a.group_id=g.id  WHERE ( a.uid='1' and g.status='1' )  [ RunTime:0.0016s ]
SQL: SHOW COLUMNS FROM `db_auth_rule` [ RunTime:0.0035s ]
SQL: SELECT `condition`,`name` FROM `db_auth_rule` WHERE `id` IN ('35','36','37','38','40','39','43','46','47','48','49','51','52','53','54','55','56','57','58','59','60','61','62','63','64','65','71','72','78','74','75','76','77','79','85','86','87','88','89','90','91','92') AND `type` = 1 AND `status` = 1  [ RunTime:0.0016s ]
SQL: SHOW COLUMNS FROM `db_auth_group` [ RunTime:0.0039s ]
SQL: SELECT * FROM `db_auth_group` ORDER BY id DESC  [ RunTime:0.0014s ]
INFO: [ view_parse ] --START--
INFO: [ template_filter ] --START--
INFO: Run Behavior\ContentReplaceBehavior [ RunTime:0.000068s ]
INFO: [ template_filter ] --END-- [ RunTime:0.000150s ]
NOTIC: [8] Use of undefined constant id - assumed 'id' D:\xampp\htdocs\hg_2016\Runtime\Cache\Admin\60ab08e9407d7263ff77b460f2e12935.php 第 58 行.
NOTIC: [8] Use of undefined constant id - assumed 'id' D:\xampp\htdocs\hg_2016\Runtime\Cache\Admin\60ab08e9407d7263ff77b460f2e12935.php 第 58 行.
NOTIC: [8] Use of undefined constant id - assumed 'id' D:\xampp\htdocs\hg_2016\Runtime\Cache\Admin\60ab08e9407d7263ff77b460f2e12935.php 第 58 行.
NOTIC: [8] Use of undefined constant id - assumed 'id' D:\xampp\htdocs\hg_2016\Runtime\Cache\Admin\60ab08e9407d7263ff77b460f2e12935.php 第 58 行.
NOTIC: [8] Use of undefined constant id - assumed 'id' D:\xampp\htdocs\hg_2016\Runtime\Cache\Admin\60ab08e9407d7263ff77b460f2e12935.php 第 58 行.
NOTIC: [8] Undefined variable: page D:\xampp\htdocs\hg_2016\Runtime\Cache\Admin\60ab08e9407d7263ff77b460f2e12935.php 第 67 行.
INFO: Run Behavior\ParseTemplateBehavior [ RunTime:0.016584s ]
INFO: [ view_parse ] --END-- [ RunTime:0.016665s ]
INFO: [ view_filter ] --START--
INFO: Run Behavior\WriteHtmlCacheBehavior [ RunTime:0.001041s ]
INFO: [ view_filter ] --END-- [ RunTime:0.001122s ]
INFO: [ app_end ] --START--
INFO: Run Behavior\ShowPageTraceBehavior [ RunTime:0.001226s ]
INFO: [ app_end ] --END-- [ RunTime:0.001303s ]

[ 2016-05-19T17:43:58+08:00 ] ::1 /hg_2016/Admin/Admin/auth_rule?menu_title=%E7%B3%BB%E7%BB%9F%E7%AE%A1%E7%90%86%20-%3E%20%E6%9D%83%E9%99%90%E8%8F%9C%E5%8D%95
INFO: [ app_init ] --START--
INFO: Run Behavior\BuildLiteBehavior [ RunTime:0.000017s ]
INFO: [ app_init ] --END-- [ RunTime:0.000447s ]
INFO: [ app_begin ] --START--
INFO: Run Behavior\ReadHtmlCacheBehavior [ RunTime:0.001091s ]
INFO: [ app_begin ] --END-- [ RunTime:0.001170s ]
SQL: SHOW COLUMNS FROM `db_auth_group_access` [ RunTime:0.0039s ]
SQL: SELECT `uid`,`group_id`,`title`,`rules` FROM db_auth_group_access a INNER JOIN db_auth_group g on a.group_id=g.id  WHERE ( a.uid='1' and g.status='1' )  [ RunTime:0.0018s ]
SQL: SHOW COLUMNS FROM `db_auth_rule` [ RunTime:0.0042s ]
SQL: SELECT `condition`,`name` FROM `db_auth_rule` WHERE `id` IN ('35','36','37','38','40','39','43','46','47','48','49','51','52','53','54','55','56','57','58','59','60','61','62','63','64','65','71','72','78','74','75','76','77','79','85','86','87','88','89','90','91','92') AND `type` = 1 AND `status` = 1  [ RunTime:0.0017s ]
SQL: SHOW COLUMNS FROM `db_auth_rule` [ RunTime:0.0058s ]
SQL: SELECT `id`,`name`,`title`,`create_time`,`status`,`sort` FROM `db_auth_rule` WHERE ( pid=0 )  [ RunTime:0.0018s ]
SQL: SELECT `id`,`name`,`title`,`create_time`,`status`,`sort` FROM `db_auth_rule` WHERE ( pid=35 )  [ RunTime:0.0018s ]
SQL: SELECT `id`,`name`,`title`,`create_time`,`status`,`sort` FROM `db_auth_rule` WHERE ( pid=40 )  [ RunTime:0.0019s ]
SQL: SELECT `id`,`name`,`title`,`create_time`,`status`,`sort` FROM `db_auth_rule` WHERE ( pid=48 )  [ RunTime:0.0025s ]
SQL: SELECT `id`,`name`,`title`,`create_time`,`status`,`sort` FROM `db_auth_rule` WHERE ( pid=71 )  [ RunTime:0.0017s ]
SQL: SELECT `id`,`name`,`title`,`create_time`,`status`,`sort` FROM `db_auth_rule` WHERE ( pid=85 )  [ RunTime:0.0018s ]
INFO: [ view_parse ] --START--
INFO: [ template_filter ] --START--
INFO: Run Behavior\ContentReplaceBehavior [ RunTime:0.000069s ]
INFO: [ template_filter ] --END-- [ RunTime:0.000139s ]
NOTIC: [8] Undefined variable: page D:\xampp\htdocs\hg_2016\Runtime\Cache\Admin\a91db2e8444b8307d61a4c034ad5123a.php 第 97 行.
INFO: Run Behavior\ParseTemplateBehavior [ RunTime:0.014022s ]
INFO: [ view_parse ] --END-- [ RunTime:0.014103s ]
INFO: [ view_filter ] --START--
INFO: Run Behavior\WriteHtmlCacheBehavior [ RunTime:0.000911s ]
INFO: [ view_filter ] --END-- [ RunTime:0.000972s ]
INFO: [ app_end ] --START--
INFO: Run Behavior\ShowPageTraceBehavior [ RunTime:0.001040s ]
INFO: [ app_end ] --END-- [ RunTime:0.001109s ]

[ 2016-05-19T17:44:15+08:00 ] ::1 /hg_2016/Admin/Admin/agent_list?menu_title=%E7%B3%BB%E7%BB%9F%E7%AE%A1%E7%90%86%20-%3E%20+%E7%BB%8F%E7%BA%AA%E4%BA%BA%E5%88%97%E8%A1%A8
INFO: [ app_init ] --START--
INFO: Run Behavior\BuildLiteBehavior [ RunTime:0.000016s ]
INFO: [ app_init ] --END-- [ RunTime:0.000466s ]
INFO: [ app_begin ] --START--
INFO: Run Behavior\ReadHtmlCacheBehavior [ RunTime:0.000734s ]
INFO: [ app_begin ] --END-- [ RunTime:0.000784s ]
SQL: SHOW COLUMNS FROM `db_auth_group_access` [ RunTime:0.0040s ]
SQL: SELECT `uid`,`group_id`,`title`,`rules` FROM db_auth_group_access a INNER JOIN db_auth_group g on a.group_id=g.id  WHERE ( a.uid='1' and g.status='1' )  [ RunTime:0.0015s ]
SQL: SHOW COLUMNS FROM `db_auth_rule` [ RunTime:0.0036s ]
SQL: SELECT `condition`,`name` FROM `db_auth_rule` WHERE `id` IN ('35','36','37','38','40','39','43','46','47','48','49','51','52','53','54','55','56','57','58','59','60','61','62','63','64','65','71','72','78','74','75','76','77','79','85','86','87','88','89','90','91','92') AND `type` = 1 AND `status` = 1  [ RunTime:0.0012s ]
SQL: SHOW COLUMNS FROM `db_agent` [ RunTime:0.0037s ]
NOTIC: [8] Undefined index: member D:\xampp\htdocs\hg_2016\Application\Admin\Controller\AdminController.class.php 第 296 行.
SQL: SELECT COUNT(*) AS tp_count FROM `db_agent` LIMIT 1   [ RunTime:0.0014s ]
SQL: SELECT * FROM `db_agent` ORDER BY id LIMIT 0,15   [ RunTime:0.0013s ]
INFO: [ view_parse ] --START--
INFO: [ template_filter ] --START--
INFO: Run Behavior\ContentReplaceBehavior [ RunTime:0.000108s ]
INFO: [ template_filter ] --END-- [ RunTime:0.000179s ]
NOTIC: [8] Undefined index: cong D:\xampp\htdocs\hg_2016\Runtime\Cache\Admin\abe1371c3b22678a7c77230ed87206c5.php 第 175 行.
NOTIC: [8] Undefined index: cong1 D:\xampp\htdocs\hg_2016\Runtime\Cache\Admin\abe1371c3b22678a7c77230ed87206c5.php 第 175 行.
NOTIC: [8] Undefined index: cong1 D:\xampp\htdocs\hg_2016\Runtime\Cache\Admin\abe1371c3b22678a7c77230ed87206c5.php 第 194 行.
NOTIC: [8] Undefined index: cong D:\xampp\htdocs\hg_2016\Runtime\Cache\Admin\abe1371c3b22678a7c77230ed87206c5.php 第 175 行.
NOTIC: [8] Undefined index: cong1 D:\xampp\htdocs\hg_2016\Runtime\Cache\Admin\abe1371c3b22678a7c77230ed87206c5.php 第 175 行.
NOTIC: [8] Undefined index: cong1 D:\xampp\htdocs\hg_2016\Runtime\Cache\Admin\abe1371c3b22678a7c77230ed87206c5.php 第 194 行.
NOTIC: [8] Undefined index: cong D:\xampp\htdocs\hg_2016\Runtime\Cache\Admin\abe1371c3b22678a7c77230ed87206c5.php 第 175 行.
NOTIC: [8] Undefined index: cong1 D:\xampp\htdocs\hg_2016\Runtime\Cache\Admin\abe1371c3b22678a7c77230ed87206c5.php 第 175 行.
NOTIC: [8] Undefined index: cong1 D:\xampp\htdocs\hg_2016\Runtime\Cache\Admin\abe1371c3b22678a7c77230ed87206c5.php 第 194 行.
NOTIC: [8] Undefined index: cong D:\xampp\htdocs\hg_2016\Runtime\Cache\Admin\abe1371c3b22678a7c77230ed87206c5.php 第 175 行.
NOTIC: [8] Undefined index: cong1 D:\xampp\htdocs\hg_2016\Runtime\Cache\Admin\abe1371c3b22678a7c77230ed87206c5.php 第 175 行.
NOTIC: [8] Undefined index: cong1 D:\xampp\htdocs\hg_2016\Runtime\Cache\Admin\abe1371c3b22678a7c77230ed87206c5.php 第 194 行.
INFO: Run Behavior\ParseTemplateBehavior [ RunTime:0.013303s ]
INFO: [ view_parse ] --END-- [ RunTime:0.013379s ]
INFO: [ view_filter ] --START--
INFO: Run Behavior\WriteHtmlCacheBehavior [ RunTime:0.000785s ]
INFO: [ view_filter ] --END-- [ RunTime:0.000844s ]
INFO: [ app_end ] --START--
INFO: Run Behavior\ShowPageTraceBehavior [ RunTime:0.001024s ]
INFO: [ app_end ] --END-- [ RunTime:0.001094s ]

[ 2016-05-19T17:44:21+08:00 ] ::1 /hg_2016/Admin/Admin/admin_list?menu_title=%E7%B3%BB%E7%BB%9F%E7%AE%A1%E7%90%86%20-%3E%20%E7%AE%A1%E7%90%86%E5%91%98%E5%88%97%E8%A1%A8
INFO: [ app_init ] --START--
INFO: Run Behavior\BuildLiteBehavior [ RunTime:0.000018s ]
INFO: [ app_init ] --END-- [ RunTime:0.000547s ]
INFO: [ app_begin ] --START--
INFO: Run Behavior\ReadHtmlCacheBehavior [ RunTime:0.000822s ]
INFO: [ app_begin ] --END-- [ RunTime:0.000886s ]
SQL: SHOW COLUMNS FROM `db_admin` [ RunTime:0.0046s ]
NOTIC: [8] Undefined index: p D:\xampp\htdocs\hg_2016\Application\Admin\Controller\AdminController.class.php 第 19 行.
NOTIC: [8] Undefined index: limit D:\xampp\htdocs\hg_2016\Core\Library\Think\Db\Driver.class.php 第 950 行.
SQL: SELECT * FROM `db_admin` ORDER BY id DESC LIMIT 0,20   [ RunTime:0.0016s ]
SQL: SHOW COLUMNS FROM `db_auth_group_access` [ RunTime:0.0033s ]
SQL: SELECT `uid`,`group_id`,`title`,`rules` FROM db_auth_group_access a INNER JOIN db_auth_group g on a.group_id=g.id  WHERE ( a.uid='14' and g.status='1' )  [ RunTime:0.0019s ]
SQL: SHOW COLUMNS FROM `db_auth_group_access` [ RunTime:0.0030s ]
SQL: SELECT `uid`,`group_id`,`title`,`rules` FROM db_auth_group_access a INNER JOIN db_auth_group g on a.group_id=g.id  WHERE ( a.uid='12' and g.status='1' )  [ RunTime:0.0009s ]
SQL: SHOW COLUMNS FROM `db_auth_group_access` [ RunTime:0.0032s ]
SQL: SELECT `uid`,`group_id`,`title`,`rules` FROM db_auth_group_access a INNER JOIN db_auth_group g on a.group_id=g.id  WHERE ( a.uid='6' and g.status='1' )  [ RunTime:0.0017s ]
SQL: SHOW COLUMNS FROM `db_auth_group_access` [ RunTime:0.0033s ]
SQL: SELECT `uid`,`group_id`,`title`,`rules` FROM db_auth_group_access a INNER JOIN db_auth_group g on a.group_id=g.id  WHERE ( a.uid='5' and g.status='1' )  [ RunTime:0.0017s ]
SQL: SHOW COLUMNS FROM `db_auth_group_access` [ RunTime:0.0031s ]
SQL: SELECT `uid`,`group_id`,`title`,`rules` FROM db_auth_group_access a INNER JOIN db_auth_group g on a.group_id=g.id  WHERE ( a.uid='4' and g.status='1' )  [ RunTime:0.0019s ]
SQL: SHOW COLUMNS FROM `db_auth_group_access` [ RunTime:0.0032s ]
SQL: SELECT `uid`,`group_id`,`title`,`rules` FROM db_auth_group_access a INNER JOIN db_auth_group g on a.group_id=g.id  WHERE ( a.uid='2' and g.status='1' )  [ RunTime:0.0011s ]
SQL: SHOW COLUMNS FROM `db_auth_group_access` [ RunTime:0.0039s ]
SQL: SELECT `uid`,`group_id`,`title`,`rules` FROM db_auth_group_access a INNER JOIN db_auth_group g on a.group_id=g.id  WHERE ( a.uid='1' and g.status='1' )  [ RunTime:0.0017s ]
NOTIC: [8] Use of undefined constant id - assumed 'id' D:\xampp\htdocs\hg_2016\Application\Admin\Controller\AdminController.class.php 第 28 行.
SQL: SELECT COUNT(id) AS tp_count FROM `db_admin` LIMIT 1   [ RunTime:0.0008s ]
INFO: [ view_parse ] --START--
INFO: [ template_filter ] --START--
INFO: Run Behavior\ContentReplaceBehavior [ RunTime:0.000065s ]
INFO: [ template_filter ] --END-- [ RunTime:0.000134s ]
NOTIC: [8] Use of undefined constant id - assumed 'id' D:\xampp\htdocs\hg_2016\Runtime\Cache\Admin\3226f918dacc74d0e61fbe12999479d2.php 第 97 行.
NOTIC: [8] Use of undefined constant id - assumed 'id' D:\xampp\htdocs\hg_2016\Runtime\Cache\Admin\3226f918dacc74d0e61fbe12999479d2.php 第 97 行.
NOTIC: [8] Use of undefined constant id - assumed 'id' D:\xampp\htdocs\hg_2016\Runtime\Cache\Admin\3226f918dacc74d0e61fbe12999479d2.php 第 97 行.
NOTIC: [8] Use of undefined constant id - assumed 'id' D:\xampp\htdocs\hg_2016\Runtime\Cache\Admin\3226f918dacc74d0e61fbe12999479d2.php 第 97 行.
NOTIC: [8] Use of undefined constant id - assumed 'id' D:\xampp\htdocs\hg_2016\Runtime\Cache\Admin\3226f918dacc74d0e61fbe12999479d2.php 第 97 行.
NOTIC: [8] Use of undefined constant id - assumed 'id' D:\xampp\htdocs\hg_2016\Runtime\Cache\Admin\3226f918dacc74d0e61fbe12999479d2.php 第 97 行.
INFO: Run Behavior\ParseTemplateBehavior [ RunTime:0.011280s ]
INFO: [ view_parse ] --END-- [ RunTime:0.011332s ]
INFO: [ view_filter ] --START--
INFO: Run Behavior\WriteHtmlCacheBehavior [ RunTime:0.000572s ]
INFO: [ view_filter ] --END-- [ RunTime:0.000610s ]
INFO: [ app_end ] --START--
INFO: Run Behavior\ShowPageTraceBehavior [ RunTime:0.000669s ]
INFO: [ app_end ] --END-- [ RunTime:0.000708s ]

[ 2016-05-19T17:44:22+08:00 ] ::1 /hg_2016/Admin/NewMember/member_list?menu_title=%E9%87%91%E8%A3%95%E9%81%93%20-%3E%20%E5%AE%A2%E6%88%B7%E5%88%97%E8%A1%A8
INFO: [ app_init ] --START--
INFO: Run Behavior\BuildLiteBehavior [ RunTime:0.000018s ]
INFO: [ app_init ] --END-- [ RunTime:0.000599s ]
INFO: [ app_begin ] --START--
INFO: Run Behavior\ReadHtmlCacheBehavior [ RunTime:0.000903s ]
INFO: [ app_begin ] --END-- [ RunTime:0.000975s ]
SQL: SHOW COLUMNS FROM `db_new_member` [ RunTime:0.0042s ]
NOTIC: [8] Undefined index: order D:\xampp\htdocs\hg_2016\Application\Admin\Controller\NewMemberController.class.php 第 50 行.
SQL: SHOW COLUMNS FROM `db_auth_group_access` [ RunTime:0.0028s ]
SQL: SELECT `uid`,`group_id`,`title`,`rules` FROM db_auth_group_access a INNER JOIN db_auth_group g on a.group_id=g.id  WHERE ( a.uid='1' and g.status='1' )  [ RunTime:0.0014s ]
SQL: SELECT COUNT(*) AS tp_count FROM `db_new_member` WHERE `status` = 1 AND `department_x` IN ('1','2','3','4','5','6','7') LIMIT 1   [ RunTime:0.0012s ]
SQL: SELECT `id`,`status`,`realname`,`loginname`,`codeid`,`time`,`sex`,`tel`,`agentname`,`groupname`,`department`,`jihuotime`,`jihuomoney`,`loginuser`,`kaihuform`,`birthday`,`moniname`,`agentname_x`,`department_x`,`groupname_x` FROM `db_new_member` WHERE `status` = 1 AND `department_x` IN ('1','2','3','4','5','6','7') ORDER BY id ASC LIMIT 0,10   [ RunTime:0.0013s ]
SQL: SELECT COUNT(*) AS tp_count FROM `db_new_member` WHERE `realname` = ' 张二' LIMIT 1   [ RunTime:0.0011s ]
SQL: SELECT COUNT(*) AS tp_count FROM `db_new_member` WHERE `realname` = ' 张三' LIMIT 1   [ RunTime:0.0010s ]
SQL: SELECT COUNT(*) AS tp_count FROM `db_new_member` WHERE `realname` = ' 张四' LIMIT 1   [ RunTime:0.0006s ]
SQL: SELECT COUNT(*) AS tp_count FROM `db_new_member` WHERE `codeid` = '32038119820825241X' LIMIT 1   [ RunTime:0.0013s ]
SQL: SELECT COUNT(*) AS tp_count FROM `db_new_member` WHERE `codeid` = '32038119830825241x' LIMIT 1   [ RunTime:0.0014s ]
SQL: SELECT COUNT(*) AS tp_count FROM `db_new_member` WHERE `codeid` = '320381198408252410' LIMIT 1   [ RunTime:0.0015s ]
INFO: [ view_parse ] --START--
INFO: [ template_filter ] --START--
INFO: Run Behavior\ContentReplaceBehavior [ RunTime:0.000213s ]
INFO: [ template_filter ] --END-- [ RunTime:0.000278s ]
NOTIC: [8] Use of undefined constant id - assumed 'id' D:\xampp\htdocs\hg_2016\Runtime\Cache\Admin\ae049a753715e326242351bd455b01cd.php 第 506 行.
NOTIC: [8] Use of undefined constant id - assumed 'id' D:\xampp\htdocs\hg_2016\Runtime\Cache\Admin\ae049a753715e326242351bd455b01cd.php 第 506 行.
NOTIC: [8] Use of undefined constant id - assumed 'id' D:\xampp\htdocs\hg_2016\Runtime\Cache\Admin\ae049a753715e326242351bd455b01cd.php 第 506 行.
INFO: Run Behavior\ParseTemplateBehavior [ RunTime:0.022758s ]
INFO: [ view_parse ] --END-- [ RunTime:0.022809s ]
INFO: [ view_filter ] --START--
INFO: Run Behavior\WriteHtmlCacheBehavior [ RunTime:0.000515s ]
INFO: [ view_filter ] --END-- [ RunTime:0.000552s ]
INFO: [ app_end ] --START--
INFO: Run Behavior\ShowPageTraceBehavior [ RunTime:0.000948s ]
INFO: [ app_end ] --END-- [ RunTime:0.001013s ]

[ 2016-05-19T17:44:24+08:00 ] ::1 /hg_2016/Admin/NewMember/member_zh?menu_title=%E9%87%91%E8%A3%95%E9%81%93%20-%3E%20%E7%BB%BC%E5%90%88%E6%95%B0%E6%8D%AE%E7%BB%9F%E8%AE%A1
INFO: [ app_init ] --START--
INFO: Run Behavior\BuildLiteBehavior [ RunTime:0.000016s ]
INFO: [ app_init ] --END-- [ RunTime:0.000441s ]
INFO: [ app_begin ] --START--
INFO: Run Behavior\ReadHtmlCacheBehavior [ RunTime:0.000979s ]
INFO: [ app_begin ] --END-- [ RunTime:0.001047s ]
SQL: SHOW COLUMNS FROM `db_new_group` [ RunTime:0.0047s ]
SQL: SELECT * FROM `db_new_group`  [ RunTime:0.0015s ]
SQL: SHOW COLUMNS FROM `db_new_member` [ RunTime:0.0049s ]
SQL: SELECT * FROM `db_new_member` ORDER BY department_x  [ RunTime:0.0029s ]
SQL: SELECT COUNT(*) AS tp_count FROM `db_new_group` WHERE ( xz_id=1 ) LIMIT 1   [ RunTime:0.0016s ]
INFO: [ view_parse ] --START--
INFO: [ template_filter ] --START--
INFO: Run Behavior\ContentReplaceBehavior [ RunTime:0.000140s ]
INFO: [ template_filter ] --END-- [ RunTime:0.000278s ]
INFO: Run Behavior\ParseTemplateBehavior [ RunTime:0.030214s ]
INFO: [ view_parse ] --END-- [ RunTime:0.030296s ]
INFO: [ view_filter ] --START--
INFO: Run Behavior\WriteHtmlCacheBehavior [ RunTime:0.000519s ]
INFO: [ view_filter ] --END-- [ RunTime:0.000563s ]
INFO: [ app_end ] --START--
INFO: Run Behavior\ShowPageTraceBehavior [ RunTime:0.000653s ]
INFO: [ app_end ] --END-- [ RunTime:0.000698s ]

[ 2016-05-19T17:44:27+08:00 ] ::1 /hg_2016/Admin/NewMember/xiaohu_list?menu_title=%E9%87%91%E8%A3%95%E9%81%93%20-%3E%20%E9%94%80%E6%88%B7%E5%AE%A2%E6%88%B7%E5%88%97%E8%A1%A8
INFO: [ app_init ] --START--
INFO: Run Behavior\BuildLiteBehavior [ RunTime:0.000014s ]
INFO: [ app_init ] --END-- [ RunTime:0.000420s ]
INFO: [ app_begin ] --START--
INFO: Run Behavior\ReadHtmlCacheBehavior [ RunTime:0.000610s ]
INFO: [ app_begin ] --END-- [ RunTime:0.000666s ]
SQL: SHOW COLUMNS FROM `db_new_member` [ RunTime:0.0044s ]
NOTIC: [8] Undefined index: stime D:\xampp\htdocs\hg_2016\Application\Admin\Controller\NewMemberController.class.php 第 218 行.
SQL: SHOW COLUMNS FROM `db_auth_group_access` [ RunTime:0.0031s ]
SQL: SELECT `uid`,`group_id`,`title`,`rules` FROM db_auth_group_access a INNER JOIN db_auth_group g on a.group_id=g.id  WHERE ( a.uid='1' and g.status='1' )  [ RunTime:0.0013s ]
SQL: SELECT COUNT(*) AS tp_count FROM `db_new_member` WHERE `status` = 0 AND `department_x` IN ('1','2','3','4','5','6','7') LIMIT 1   [ RunTime:0.0014s ]
SQL: SELECT * FROM `db_new_member` WHERE `status` = 0 AND `department_x` IN ('1','2','3','4','5','6','7') ORDER BY xh_time desc LIMIT 0,10   [ RunTime:0.0023s ]
INFO: [ view_parse ] --START--
INFO: [ template_filter ] --START--
INFO: Run Behavior\ContentReplaceBehavior [ RunTime:0.000101s ]
INFO: [ template_filter ] --END-- [ RunTime:0.000167s ]
NOTIC: [8] Undefined variable: v D:\xampp\htdocs\hg_2016\Runtime\Cache\Admin\8e34b8aa7e5b3fbdd629be0575385c20.php 第 190 行.
INFO: Run Behavior\ParseTemplateBehavior [ RunTime:0.072258s ]
INFO: [ view_parse ] --END-- [ RunTime:0.072306s ]
INFO: [ view_filter ] --START--
INFO: Run Behavior\WriteHtmlCacheBehavior [ RunTime:0.000397s ]
INFO: [ view_filter ] --END-- [ RunTime:0.000434s ]
INFO: [ app_end ] --START--
INFO: Run Behavior\ShowPageTraceBehavior [ RunTime:0.001084s ]
INFO: [ app_end ] --END-- [ RunTime:0.001176s ]

[ 2016-05-19T17:44:37+08:00 ] ::1 /hg_2016/Admin/NewMember/edit_dj?menu_title=%E9%87%91%E8%A3%95%E9%81%93%20-%3E%20%E5%8F%98%E6%9B%B4%E7%99%BB%E8%AE%B0
INFO: [ app_init ] --START--
INFO: Run Behavior\BuildLiteBehavior [ RunTime:0.000017s ]
INFO: [ app_init ] --END-- [ RunTime:0.000440s ]
INFO: [ app_begin ] --START--
INFO: Run Behavior\ReadHtmlCacheBehavior [ RunTime:0.000664s ]
INFO: [ app_begin ] --END-- [ RunTime:0.000733s ]
SQL: SHOW COLUMNS FROM `db_new_member` [ RunTime:0.0047s ]
SQL: SHOW COLUMNS FROM `db_new_member` [ RunTime:0.0050s ]
SQL: SHOW COLUMNS FROM `db_auth_group_access` [ RunTime:0.0035s ]
SQL: SELECT `uid`,`group_id`,`title`,`rules` FROM db_auth_group_access a INNER JOIN db_auth_group g on a.group_id=g.id  WHERE ( a.uid='1' and g.status='1' )  [ RunTime:0.0018s ]
NOTIC: [8] Undefined index: member D:\xampp\htdocs\hg_2016\Application\Admin\Controller\NewMemberController.class.php 第 199 行.
SQL: SELECT COUNT(*) AS tp_count FROM `db_new_member` WHERE `department_x` IN ('1','2','3','4','5','6','7') AND `editdecide` = 1 LIMIT 1   [ RunTime:0.0016s ]
SQL: SELECT * FROM `db_new_member` WHERE `department_x` IN ('1','2','3','4','5','6','7') AND `editdecide` = 1 ORDER BY time_x desc LIMIT 0,15   [ RunTime:0.0028s ]
INFO: [ view_parse ] --START--
INFO: [ template_filter ] --START--
INFO: Run Behavior\ContentReplaceBehavior [ RunTime:0.000100s ]
INFO: [ template_filter ] --END-- [ RunTime:0.000171s ]
NOTIC: [8] Undefined variable: type D:\xampp\htdocs\hg_2016\Runtime\Cache\Admin\103c63da1a96171c22149d835d3bd13b.php 第 54 行.
NOTIC: [8] Undefined variable: type D:\xampp\htdocs\hg_2016\Runtime\Cache\Admin\103c63da1a96171c22149d835d3bd13b.php 第 58 行.
INFO: Run Behavior\ParseTemplateBehavior [ RunTime:0.046696s ]
INFO: [ view_parse ] --END-- [ RunTime:0.046763s ]
INFO: [ view_filter ] --START--
INFO: Run Behavior\WriteHtmlCacheBehavior [ RunTime:0.000565s ]
INFO: [ view_filter ] --END-- [ RunTime:0.000619s ]
INFO: [ app_end ] --START--
INFO: Run Behavior\ShowPageTraceBehavior [ RunTime:0.000915s ]
INFO: [ app_end ] --END-- [ RunTime:0.000978s ]

[ 2016-05-19T17:44:39+08:00 ] ::1 /hg_2016/Admin/NewMember/view?menu_title=%E9%87%91%E8%A3%95%E9%81%93%20-%3E%20%E6%9F%A5%E7%9C%8B%E6%89%8B%E6%9C%BA%E5%8F%B7
INFO: [ app_init ] --START--
INFO: Run Behavior\BuildLiteBehavior [ RunTime:0.000015s ]
INFO: [ app_init ] --END-- [ RunTime:0.000382s ]
INFO: [ app_begin ] --START--
INFO: Run Behavior\ReadHtmlCacheBehavior [ RunTime:0.000568s ]
INFO: [ app_begin ] --END-- [ RunTime:0.000615s ]
SQL: SHOW COLUMNS FROM `db_auth_rule` [ RunTime:0.0033s ]
SQL: SELECT `id`,`name`,`title` FROM `db_auth_rule` WHERE `pid` = 0 AND `status` = 1  [ RunTime:0.0012s ]
SQL: SHOW COLUMNS FROM `db_auth_group_access` [ RunTime:0.0029s ]
SQL: SELECT `uid`,`group_id`,`title`,`rules` FROM db_auth_group_access a INNER JOIN db_auth_group g on a.group_id=g.id  WHERE ( a.uid='1' and g.status='1' )  [ RunTime:0.0013s ]
SQL: SHOW COLUMNS FROM `db_auth_rule` [ RunTime:0.0034s ]
SQL: SELECT `condition`,`name` FROM `db_auth_rule` WHERE `id` IN ('35','36','37','38','40','39','43','46','47','48','49','51','52','53','54','55','56','57','58','59','60','61','62','63','64','65','71','72','78','74','75','76','77','79','85','86','87','88','89','90','91','92') AND `type` = 1 AND `status` = 1  [ RunTime:0.0012s ]
SQL: SHOW COLUMNS FROM `db_new_member` [ RunTime:0.0042s ]
NOTIC: [8] Undefined index: order D:\xampp\htdocs\hg_2016\Application\Admin\Controller\NewMemberController.class.php 第 50 行.
SQL: SELECT COUNT(*) AS tp_count FROM `db_new_member` WHERE `status` = 1 AND `department_x` IN ('1','2','3','4','5','6','7') LIMIT 1   [ RunTime:0.0011s ]
SQL: SELECT `id`,`status`,`realname`,`loginname`,`codeid`,`time`,`sex`,`tel`,`agentname`,`groupname`,`department`,`jihuotime`,`jihuomoney`,`loginuser`,`kaihuform`,`birthday`,`moniname`,`agentname_x`,`department_x`,`groupname_x` FROM `db_new_member` WHERE `status` = 1 AND `department_x` IN ('1','2','3','4','5','6','7') ORDER BY id ASC LIMIT 0,10   [ RunTime:0.0020s ]
SQL: SELECT COUNT(*) AS tp_count FROM `db_new_member` WHERE `realname` = ' 张二' LIMIT 1   [ RunTime:0.0013s ]
SQL: SELECT COUNT(*) AS tp_count FROM `db_new_member` WHERE `realname` = ' 张三' LIMIT 1   [ RunTime:0.0014s ]
SQL: SELECT COUNT(*) AS tp_count FROM `db_new_member` WHERE `realname` = ' 张四' LIMIT 1   [ RunTime:0.0006s ]
SQL: SELECT COUNT(*) AS tp_count FROM `db_new_member` WHERE `codeid` = '32038119820825241X' LIMIT 1   [ RunTime:0.0013s ]
SQL: SELECT COUNT(*) AS tp_count FROM `db_new_member` WHERE `codeid` = '32038119830825241x' LIMIT 1   [ RunTime:0.0013s ]
SQL: SELECT COUNT(*) AS tp_count FROM `db_new_member` WHERE `codeid` = '320381198408252410' LIMIT 1   [ RunTime:0.0014s ]
INFO: [ view_parse ] --START--
INFO: [ template_filter ] --START--
INFO: Run Behavior\ContentReplaceBehavior [ RunTime:0.000205s ]
INFO: [ template_filter ] --END-- [ RunTime:0.000275s ]
NOTIC: [8] Use of undefined constant id - assumed 'id' D:\xampp\htdocs\hg_2016\Runtime\Cache\Admin\ae049a753715e326242351bd455b01cd.php 第 506 行.
NOTIC: [8] Use of undefined constant id - assumed 'id' D:\xampp\htdocs\hg_2016\Runtime\Cache\Admin\ae049a753715e326242351bd455b01cd.php 第 506 行.
NOTIC: [8] Use of undefined constant id - assumed 'id' D:\xampp\htdocs\hg_2016\Runtime\Cache\Admin\ae049a753715e326242351bd455b01cd.php 第 506 行.
INFO: Run Behavior\ParseTemplateBehavior [ RunTime:0.026212s ]
INFO: [ view_parse ] --END-- [ RunTime:0.026272s ]
INFO: [ view_filter ] --START--
INFO: Run Behavior\WriteHtmlCacheBehavior [ RunTime:0.000537s ]
INFO: [ view_filter ] --END-- [ RunTime:0.000589s ]
INFO: [ app_end ] --START--
INFO: Run Behavior\ShowPageTraceBehavior [ RunTime:0.000884s ]
INFO: [ app_end ] --END-- [ RunTime:0.000954s ]

[ 2016-05-19T17:44:40+08:00 ] ::1 /hg_2016/Admin/NewMember/member_jh?menu_title=%E9%87%91%E8%A3%95%E9%81%93%20-%3E%20%E6%BF%80%E6%B4%BB%E5%AE%A2%E6%88%B7%E5%88%97%E8%A1%A8
INFO: [ app_init ] --START--
INFO: Run Behavior\BuildLiteBehavior [ RunTime:0.000022s ]
INFO: [ app_init ] --END-- [ RunTime:0.000513s ]
INFO: [ app_begin ] --START--
INFO: Run Behavior\ReadHtmlCacheBehavior [ RunTime:0.001005s ]
INFO: [ app_begin ] --END-- [ RunTime:0.001092s ]
SQL: SHOW COLUMNS FROM `db_new_member` [ RunTime:0.0053s ]
NOTIC: [8] Undefined index: order D:\xampp\htdocs\hg_2016\Application\Admin\Controller\NewMemberController.class.php 第 889 行.
SQL: SHOW COLUMNS FROM `db_auth_group_access` [ RunTime:0.0036s ]
SQL: SELECT `uid`,`group_id`,`title`,`rules` FROM db_auth_group_access a INNER JOIN db_auth_group g on a.group_id=g.id  WHERE ( a.uid='1' and g.status='1' )  [ RunTime:0.0020s ]
SQL: SELECT COUNT(*) AS tp_count FROM `db_new_member` WHERE `status` = 1 AND `department_x` IN ('1','2','3','4','5','6','7') LIMIT 1   [ RunTime:0.0017s ]
SQL: SELECT `id`,`status`,`realname`,`loginname`,`codeid`,`time`,`tel`,`agentname`,`groupname`,`department`,`jihuotime`,`jihuomoney`,`birthday`,`moniname`,`agentname_x`,`groupname_x`,`department_x`,`remark` FROM `db_new_member` WHERE `status` = 1 AND `department_x` IN ('1','2','3','4','5','6','7') ORDER BY id ASC LIMIT 0,10   [ RunTime:0.0030s ]
SQL: SELECT COUNT(*) AS tp_count FROM `db_new_member` WHERE `realname` = ' 张二' LIMIT 1   [ RunTime:0.0016s ]
SQL: SELECT COUNT(*) AS tp_count FROM `db_new_member` WHERE `realname` = ' 张三' LIMIT 1   [ RunTime:0.0018s ]
SQL: SELECT COUNT(*) AS tp_count FROM `db_new_member` WHERE `realname` = ' 张四' LIMIT 1   [ RunTime:0.0018s ]
SQL: SELECT COUNT(*) AS tp_count FROM `db_new_member` WHERE `codeid` = '32038119820825241X' LIMIT 1   [ RunTime:0.0009s ]
SQL: SELECT COUNT(*) AS tp_count FROM `db_new_member` WHERE `codeid` = '32038119830825241x' LIMIT 1   [ RunTime:0.0020s ]
SQL: SELECT COUNT(*) AS tp_count FROM `db_new_member` WHERE `codeid` = '320381198408252410' LIMIT 1   [ RunTime:0.0010s ]
INFO: [ view_parse ] --START--
INFO: [ template_filter ] --START--
INFO: Run Behavior\ContentReplaceBehavior [ RunTime:0.000169s ]
INFO: [ template_filter ] --END-- [ RunTime:0.000225s ]
NOTIC: [8] Undefined variable: type D:\xampp\htdocs\hg_2016\Runtime\Cache\Admin\7490bfc43ca2e708ffda037932f09e01.php 第 50 行.
NOTIC: [8] Undefined variable: type D:\xampp\htdocs\hg_2016\Runtime\Cache\Admin\7490bfc43ca2e708ffda037932f09e01.php 第 54 行.
NOTIC: [8] Undefined variable: type D:\xampp\htdocs\hg_2016\Runtime\Cache\Admin\7490bfc43ca2e708ffda037932f09e01.php 第 443 行.
NOTIC: [8] Undefined index: address D:\xampp\htdocs\hg_2016\Runtime\Cache\Admin\7490bfc43ca2e708ffda037932f09e01.php 第 450 行.
NOTIC: [8] Use of undefined constant id - assumed 'id' D:\xampp\htdocs\hg_2016\Runtime\Cache\Admin\7490bfc43ca2e708ffda037932f09e01.php 第 477 行.
NOTIC: [8] Undefined variable: type D:\xampp\htdocs\hg_2016\Runtime\Cache\Admin\7490bfc43ca2e708ffda037932f09e01.php 第 443 行.
NOTIC: [8] Undefined index: address D:\xampp\htdocs\hg_2016\Runtime\Cache\Admin\7490bfc43ca2e708ffda037932f09e01.php 第 450 行.
NOTIC: [8] Use of undefined constant id - assumed 'id' D:\xampp\htdocs\hg_2016\Runtime\Cache\Admin\7490bfc43ca2e708ffda037932f09e01.php 第 477 行.
NOTIC: [8] Undefined variable: type D:\xampp\htdocs\hg_2016\Runtime\Cache\Admin\7490bfc43ca2e708ffda037932f09e01.php 第 443 行.
NOTIC: [8] Undefined index: address D:\xampp\htdocs\hg_2016\Runtime\Cache\Admin\7490bfc43ca2e708ffda037932f09e01.php 第 450 行.
NOTIC: [8] Use of undefined constant id - assumed 'id' D:\xampp\htdocs\hg_2016\Runtime\Cache\Admin\7490bfc43ca2e708ffda037932f09e01.php 第 477 行.
INFO: Run Behavior\ParseTemplateBehavior [ RunTime:0.022122s ]
INFO: [ view_parse ] --END-- [ RunTime:0.022176s ]
INFO: [ view_filter ] --START--
INFO: Run Behavior\WriteHtmlCacheBehavior [ RunTime:0.000616s ]
INFO: [ view_filter ] --END-- [ RunTime:0.000667s ]
INFO: [ app_end ] --START--
INFO: Run Behavior\ShowPageTraceBehavior [ RunTime:0.000811s ]
INFO: [ app_end ] --END-- [ RunTime:0.000881s ]

[ 2016-05-19T17:44:43+08:00 ] ::1 /hg_2016/Admin/NewMember/viewtel.html?id=1933
INFO: [ app_init ] --START--
INFO: Run Behavior\BuildLiteBehavior [ RunTime:0.000016s ]
INFO: [ app_init ] --END-- [ RunTime:0.000507s ]
INFO: [ app_begin ] --START--
INFO: Run Behavior\ReadHtmlCacheBehavior [ RunTime:0.000805s ]
INFO: [ app_begin ] --END-- [ RunTime:0.000885s ]
SQL: SHOW COLUMNS FROM `db_auth_rule` [ RunTime:0.0042s ]
SQL: SELECT `id`,`name`,`title` FROM `db_auth_rule` WHERE `pid` = 0 AND `status` = 1  [ RunTime:0.0016s ]
SQL: SHOW COLUMNS FROM `db_auth_group_access` [ RunTime:0.0036s ]
SQL: SELECT `uid`,`group_id`,`title`,`rules` FROM db_auth_group_access a INNER JOIN db_auth_group g on a.group_id=g.id  WHERE ( a.uid='1' and g.status='1' )  [ RunTime:0.0018s ]
SQL: SHOW COLUMNS FROM `db_auth_rule` [ RunTime:0.0038s ]
SQL: SELECT `condition`,`name` FROM `db_auth_rule` WHERE `id` IN ('35','36','37','38','40','39','43','46','47','48','49','51','52','53','54','55','56','57','58','59','60','61','62','63','64','65','71','72','78','74','75','76','77','79','85','86','87','88','89','90','91','92') AND `type` = 1 AND `status` = 1  [ RunTime:0.0016s ]
SQL: SHOW COLUMNS FROM `db_new_member` [ RunTime:0.0044s ]
SQL: SELECT `tel`,`loginname`,`realname`,`telextend` FROM `db_new_member` WHERE ( id=1933 ) LIMIT 1   [ RunTime:0.0015s ]
SQL: SHOW COLUMNS FROM `db_member` [ RunTime:0.0047s ]
SQL: SHOW COLUMNS FROM `db_log` [ RunTime:0.0037s ]
SQL: INSERT INTO `db_log` (`account`,`operation_details`,`login_ip`,`operation_time`,`log_data`) VALUES ('admin','查看客户完整手机号','0.0.0.0','1463651083','') [ RunTime:0.0480s ]
INFO: [ view_parse ] --START--
INFO: [ template_filter ] --START--
INFO: Run Behavior\ContentReplaceBehavior [ RunTime:0.000049s ]
INFO: [ template_filter ] --END-- [ RunTime:0.000106s ]
NOTIC: [8] Undefined variable: vo D:\xampp\htdocs\hg_2016\Runtime\Cache\Admin\fef492b85f7031274f97bd8ade7aca27.php 第 46 行.
NOTIC: [8] Undefined variable: vo D:\xampp\htdocs\hg_2016\Runtime\Cache\Admin\fef492b85f7031274f97bd8ade7aca27.php 第 47 行.
NOTIC: [8] Undefined variable: vo D:\xampp\htdocs\hg_2016\Runtime\Cache\Admin\fef492b85f7031274f97bd8ade7aca27.php 第 48 行.
INFO: Run Behavior\ParseTemplateBehavior [ RunTime:0.008783s ]
INFO: [ view_parse ] --END-- [ RunTime:0.008847s ]
INFO: [ view_filter ] --START--
INFO: Run Behavior\WriteHtmlCacheBehavior [ RunTime:0.000601s ]
INFO: [ view_filter ] --END-- [ RunTime:0.000657s ]
INFO: [ app_end ] --START--
INFO: Run Behavior\ShowPageTraceBehavior [ RunTime:0.000794s ]
INFO: [ app_end ] --END-- [ RunTime:0.000855s ]

[ 2016-05-19T17:44:52+08:00 ] ::1 /hg_2016/Admin/NewMember/viewtel.html?id=1934
INFO: [ app_init ] --START--
INFO: Run Behavior\BuildLiteBehavior [ RunTime:0.000021s ]
INFO: [ app_init ] --END-- [ RunTime:0.000633s ]
INFO: [ app_begin ] --START--
INFO: Run Behavior\ReadHtmlCacheBehavior [ RunTime:0.001070s ]
INFO: [ app_begin ] --END-- [ RunTime:0.001165s ]
SQL: SHOW COLUMNS FROM `db_auth_rule` [ RunTime:0.0035s ]
SQL: SELECT `id`,`name`,`title` FROM `db_auth_rule` WHERE `pid` = 0 AND `status` = 1  [ RunTime:0.0012s ]
SQL: SHOW COLUMNS FROM `db_auth_group_access` [ RunTime:0.0031s ]
SQL: SELECT `uid`,`group_id`,`title`,`rules` FROM db_auth_group_access a INNER JOIN db_auth_group g on a.group_id=g.id  WHERE ( a.uid='1' and g.status='1' )  [ RunTime:0.0014s ]
SQL: SHOW COLUMNS FROM `db_auth_rule` [ RunTime:0.0035s ]
SQL: SELECT `condition`,`name` FROM `db_auth_rule` WHERE `id` IN ('35','36','37','38','40','39','43','46','47','48','49','51','52','53','54','55','56','57','58','59','60','61','62','63','64','65','71','72','78','74','75','76','77','79','85','86','87','88','89','90','91','92') AND `type` = 1 AND `status` = 1  [ RunTime:0.0012s ]
SQL: SHOW COLUMNS FROM `db_new_member` [ RunTime:0.0042s ]
SQL: SELECT `tel`,`loginname`,`realname`,`telextend` FROM `db_new_member` WHERE ( id=1934 ) LIMIT 1   [ RunTime:0.0011s ]
SQL: SHOW COLUMNS FROM `db_member` [ RunTime:0.0041s ]
SQL: SHOW COLUMNS FROM `db_log` [ RunTime:0.0035s ]
SQL: INSERT INTO `db_log` (`account`,`operation_details`,`login_ip`,`operation_time`,`log_data`) VALUES ('admin','查看客户完整手机号','0.0.0.0','1463651092','') [ RunTime:0.0579s ]
INFO: [ view_parse ] --START--
INFO: [ template_filter ] --START--
INFO: Run Behavior\ContentReplaceBehavior [ RunTime:0.000049s ]
INFO: [ template_filter ] --END-- [ RunTime:0.000103s ]
NOTIC: [8] Undefined variable: vo D:\xampp\htdocs\hg_2016\Runtime\Cache\Admin\fef492b85f7031274f97bd8ade7aca27.php 第 46 行.
NOTIC: [8] Undefined variable: vo D:\xampp\htdocs\hg_2016\Runtime\Cache\Admin\fef492b85f7031274f97bd8ade7aca27.php 第 47 行.
NOTIC: [8] Undefined variable: vo D:\xampp\htdocs\hg_2016\Runtime\Cache\Admin\fef492b85f7031274f97bd8ade7aca27.php 第 48 行.
INFO: Run Behavior\ParseTemplateBehavior [ RunTime:0.008671s ]
INFO: [ view_parse ] --END-- [ RunTime:0.008749s ]
INFO: [ view_filter ] --START--
INFO: Run Behavior\WriteHtmlCacheBehavior [ RunTime:0.000347s ]
INFO: [ view_filter ] --END-- [ RunTime:0.000383s ]
INFO: [ app_end ] --START--
INFO: Run Behavior\ShowPageTraceBehavior [ RunTime:0.000623s ]
INFO: [ app_end ] --END-- [ RunTime:0.000677s ]

[ 2016-05-19T17:45:02+08:00 ] ::1 /hg_2016/Admin/Index/clear_cache.html
INFO: [ app_init ] --START--
INFO: Run Behavior\BuildLiteBehavior [ RunTime:0.000023s ]
INFO: [ app_init ] --END-- [ RunTime:0.001309s ]
INFO: [ app_begin ] --START--
INFO: Run Behavior\ReadHtmlCacheBehavior [ RunTime:0.000947s ]
INFO: [ app_begin ] --END-- [ RunTime:0.001030s ]
INFO: [ view_parse ] --START--
INFO: [ template_filter ] --START--
INFO: Run Behavior\ContentReplaceBehavior [ RunTime:0.000043s ]
INFO: [ template_filter ] --END-- [ RunTime:0.000105s ]
INFO: Run Behavior\ParseTemplateBehavior [ RunTime:0.072182s ]
INFO: [ view_parse ] --END-- [ RunTime:0.072254s ]
INFO: [ view_filter ] --START--
INFO: Run Behavior\WriteHtmlCacheBehavior [ RunTime:0.000536s ]
INFO: [ view_filter ] --END-- [ RunTime:0.000590s ]
INFO: [ app_end ] --START--
INFO: Run Behavior\ShowPageTraceBehavior [ RunTime:0.000620s ]
INFO: [ app_end ] --END-- [ RunTime:0.000664s ]

[ 2016-05-19T17:45:10+08:00 ] ::1 /hg_2016/Admin/Index/clear_cache.html
INFO: [ app_init ] --START--
INFO: Run Behavior\BuildLiteBehavior [ RunTime:0.000024s ]
INFO: [ app_init ] --END-- [ RunTime:0.000612s ]
INFO: [ app_begin ] --START--
INFO: Run Behavior\ReadHtmlCacheBehavior [ RunTime:0.001047s ]
INFO: [ app_begin ] --END-- [ RunTime:0.001174s ]
INFO: [ view_parse ] --START--
INFO: [ template_filter ] --START--
INFO: Run Behavior\ContentReplaceBehavior [ RunTime:0.000062s ]
INFO: [ template_filter ] --END-- [ RunTime:0.000133s ]
INFO: Run Behavior\ParseTemplateBehavior [ RunTime:0.008838s ]
INFO: [ view_parse ] --END-- [ RunTime:0.008929s ]
INFO: [ view_filter ] --START--
INFO: Run Behavior\WriteHtmlCacheBehavior [ RunTime:0.000502s ]
INFO: [ view_filter ] --END-- [ RunTime:0.000558s ]
INFO: [ app_end ] --START--
INFO: Run Behavior\ShowPageTraceBehavior [ RunTime:0.000711s ]
INFO: [ app_end ] --END-- [ RunTime:0.000758s ]

[ 2016-05-19T17:45:23+08:00 ] ::1 /hg_2016/Admin/Admin/admin_list?menu_title=%E7%B3%BB%E7%BB%9F%E7%AE%A1%E7%90%86%20-%3E%20%E7%AE%A1%E7%90%86%E5%91%98%E5%88%97%E8%A1%A8
INFO: [ app_init ] --START--
INFO: Run Behavior\BuildLiteBehavior [ RunTime:0.000023s ]
INFO: [ app_init ] --END-- [ RunTime:0.000483s ]
INFO: [ app_begin ] --START--
INFO: Run Behavior\ReadHtmlCacheBehavior [ RunTime:0.000796s ]
INFO: [ app_begin ] --END-- [ RunTime:0.000874s ]
SQL: SHOW COLUMNS FROM `db_admin` [ RunTime:0.0045s ]
NOTIC: [8] Undefined index: p D:\xampp\htdocs\hg_2016\Application\Admin\Controller\AdminController.class.php 第 19 行.
NOTIC: [8] Undefined index: limit D:\xampp\htdocs\hg_2016\Core\Library\Think\Db\Driver.class.php 第 950 行.
SQL: SELECT * FROM `db_admin` ORDER BY id DESC LIMIT 0,20   [ RunTime:0.0019s ]
SQL: SHOW COLUMNS FROM `db_auth_group_access` [ RunTime:0.0032s ]
SQL: SELECT `uid`,`group_id`,`title`,`rules` FROM db_auth_group_access a INNER JOIN db_auth_group g on a.group_id=g.id  WHERE ( a.uid='14' and g.status='1' )  [ RunTime:0.0020s ]
SQL: SHOW COLUMNS FROM `db_auth_group_access` [ RunTime:0.0033s ]
SQL: SELECT `uid`,`group_id`,`title`,`rules` FROM db_auth_group_access a INNER JOIN db_auth_group g on a.group_id=g.id  WHERE ( a.uid='12' and g.status='1' )  [ RunTime:0.0020s ]
SQL: SHOW COLUMNS FROM `db_auth_group_access` [ RunTime:0.0032s ]
SQL: SELECT `uid`,`group_id`,`title`,`rules` FROM db_auth_group_access a INNER JOIN db_auth_group g on a.group_id=g.id  WHERE ( a.uid='6' and g.status='1' )  [ RunTime:0.0018s ]
SQL: SHOW COLUMNS FROM `db_auth_group_access` [ RunTime:0.0034s ]
SQL: SELECT `uid`,`group_id`,`title`,`rules` FROM db_auth_group_access a INNER JOIN db_auth_group g on a.group_id=g.id  WHERE ( a.uid='5' and g.status='1' )  [ RunTime:0.0017s ]
SQL: SHOW COLUMNS FROM `db_auth_group_access` [ RunTime:0.0035s ]
SQL: SELECT `uid`,`group_id`,`title`,`rules` FROM db_auth_group_access a INNER JOIN db_auth_group g on a.group_id=g.id  WHERE ( a.uid='4' and g.status='1' )  [ RunTime:0.0016s ]
SQL: SHOW COLUMNS FROM `db_auth_group_access` [ RunTime:0.0033s ]
SQL: SELECT `uid`,`group_id`,`title`,`rules` FROM db_auth_group_access a INNER JOIN db_auth_group g on a.group_id=g.id  WHERE ( a.uid='2' and g.status='1' )  [ RunTime:0.0019s ]
SQL: SHOW COLUMNS FROM `db_auth_group_access` [ RunTime:0.0035s ]
SQL: SELECT `uid`,`group_id`,`title`,`rules` FROM db_auth_group_access a INNER JOIN db_auth_group g on a.group_id=g.id  WHERE ( a.uid='1' and g.status='1' )  [ RunTime:0.0018s ]
NOTIC: [8] Use of undefined constant id - assumed 'id' D:\xampp\htdocs\hg_2016\Application\Admin\Controller\AdminController.class.php 第 28 行.
SQL: SELECT COUNT(id) AS tp_count FROM `db_admin` LIMIT 1   [ RunTime:0.0014s ]
INFO: [ view_parse ] --START--
INFO: [ template_filter ] --START--
INFO: Run Behavior\ContentReplaceBehavior [ RunTime:0.000063s ]
INFO: [ template_filter ] --END-- [ RunTime:0.000125s ]
NOTIC: [8] Use of undefined constant id - assumed 'id' D:\xampp\htdocs\hg_2016\Runtime\Cache\Admin\3226f918dacc74d0e61fbe12999479d2.php 第 97 行.
NOTIC: [8] Use of undefined constant id - assumed 'id' D:\xampp\htdocs\hg_2016\Runtime\Cache\Admin\3226f918dacc74d0e61fbe12999479d2.php 第 97 行.
NOTIC: [8] Use of undefined constant id - assumed 'id' D:\xampp\htdocs\hg_2016\Runtime\Cache\Admin\3226f918dacc74d0e61fbe12999479d2.php 第 97 行.
NOTIC: [8] Use of undefined constant id - assumed 'id' D:\xampp\htdocs\hg_2016\Runtime\Cache\Admin\3226f918dacc74d0e61fbe12999479d2.php 第 97 行.
NOTIC: [8] Use of undefined constant id - assumed 'id' D:\xampp\htdocs\hg_2016\Runtime\Cache\Admin\3226f918dacc74d0e61fbe12999479d2.php 第 97 行.
NOTIC: [8] Use of undefined constant id - assumed 'id' D:\xampp\htdocs\hg_2016\Runtime\Cache\Admin\3226f918dacc74d0e61fbe12999479d2.php 第 97 行.
INFO: Run Behavior\ParseTemplateBehavior [ RunTime:0.009028s ]
INFO: [ view_parse ] --END-- [ RunTime:0.009091s ]
INFO: [ view_filter ] --START--
INFO: Run Behavior\WriteHtmlCacheBehavior [ RunTime:0.000740s ]
INFO: [ view_filter ] --END-- [ RunTime:0.000811s ]
INFO: [ app_end ] --START--
INFO: Run Behavior\ShowPageTraceBehavior [ RunTime:0.000960s ]
INFO: [ app_end ] --END-- [ RunTime:0.001021s ]

[ 2016-05-19T17:45:24+08:00 ] ::1 /hg_2016/Admin/Admin/manage_log?menu_title=%E7%B3%BB%E7%BB%9F%E7%AE%A1%E7%90%86%20-%3E%20%E7%AE%A1%E7%90%86%E6%97%A5%E5%BF%97
INFO: [ app_init ] --START--
INFO: Run Behavior\BuildLiteBehavior [ RunTime:0.000016s ]
INFO: [ app_init ] --END-- [ RunTime:0.000427s ]
INFO: [ app_begin ] --START--
INFO: Run Behavior\ReadHtmlCacheBehavior [ RunTime:0.000756s ]
INFO: [ app_begin ] --END-- [ RunTime:0.000825s ]
SQL: SHOW COLUMNS FROM `db_auth_group_access` [ RunTime:0.0034s ]
SQL: SELECT `uid`,`group_id`,`title`,`rules` FROM db_auth_group_access a INNER JOIN db_auth_group g on a.group_id=g.id  WHERE ( a.uid='1' and g.status='1' )  [ RunTime:0.0017s ]
SQL: SHOW COLUMNS FROM `db_auth_rule` [ RunTime:0.0037s ]
SQL: SELECT `condition`,`name` FROM `db_auth_rule` WHERE `id` IN ('35','36','37','38','40','39','43','46','47','48','49','51','52','53','54','55','56','57','58','59','60','61','62','63','64','65','71','72','78','74','75','76','77','79','85','86','87','88','89','90','91','92') AND `type` = 1 AND `status` = 1  [ RunTime:0.0013s ]
SQL: SHOW COLUMNS FROM `db_log` [ RunTime:0.0034s ]
NOTIC: [8] Undefined index: member1 D:\xampp\htdocs\hg_2016\Application\Admin\Controller\AdminController.class.php 第 262 行.
SQL: SELECT COUNT(*) AS tp_count FROM `db_log` LIMIT 1   [ RunTime:0.0015s ]
SQL: SELECT * FROM `db_log` ORDER BY id desc LIMIT 0,15   [ RunTime:0.0017s ]
INFO: [ view_parse ] --START--
INFO: [ template_filter ] --START--
INFO: Run Behavior\ContentReplaceBehavior [ RunTime:0.000051s ]
INFO: [ template_filter ] --END-- [ RunTime:0.000111s ]
INFO: Run Behavior\ParseTemplateBehavior [ RunTime:0.031491s ]
INFO: [ view_parse ] --END-- [ RunTime:0.031572s ]
INFO: [ view_filter ] --START--
INFO: Run Behavior\WriteHtmlCacheBehavior [ RunTime:0.000568s ]
INFO: [ view_filter ] --END-- [ RunTime:0.000627s ]
INFO: [ app_end ] --START--
INFO: Run Behavior\ShowPageTraceBehavior [ RunTime:0.000881s ]
INFO: [ app_end ] --END-- [ RunTime:0.000958s ]

[ 2016-05-19T17:45:42+08:00 ] ::1 /hg_2016/Admin/Admin/delete?id=724
INFO: [ app_init ] --START--
INFO: Run Behavior\BuildLiteBehavior [ RunTime:0.000019s ]
INFO: [ app_init ] --END-- [ RunTime:0.000609s ]
INFO: [ app_begin ] --START--
INFO: Run Behavior\ReadHtmlCacheBehavior [ RunTime:0.000772s ]
INFO: [ app_begin ] --END-- [ RunTime:0.000850s ]
SQL: SHOW COLUMNS FROM `db_auth_group_access` [ RunTime:0.0034s ]
SQL: SELECT `uid`,`group_id`,`title`,`rules` FROM db_auth_group_access a INNER JOIN db_auth_group g on a.group_id=g.id  WHERE ( a.uid='1' and g.status='1' )  [ RunTime:0.0017s ]
SQL: SHOW COLUMNS FROM `db_auth_rule` [ RunTime:0.0037s ]
SQL: SELECT `condition`,`name` FROM `db_auth_rule` WHERE `id` IN ('35','36','37','38','40','39','43','46','47','48','49','51','52','53','54','55','56','57','58','59','60','61','62','63','64','65','71','72','78','74','75','76','77','79','85','86','87','88','89','90','91','92') AND `type` = 1 AND `status` = 1  [ RunTime:0.0016s ]
SQL: SHOW COLUMNS FROM `db_log` [ RunTime:0.0034s ]
SQL: DELETE FROM `db_log` WHERE `id` = 724 [ RunTime:0.0845s ]
INFO: [ view_parse ] --START--
INFO: [ template_filter ] --START--
INFO: Run Behavior\ContentReplaceBehavior [ RunTime:0.000048s ]
INFO: [ template_filter ] --END-- [ RunTime:0.000119s ]
INFO: Run Behavior\ParseTemplateBehavior [ RunTime:0.007305s ]
INFO: [ view_parse ] --END-- [ RunTime:0.007376s ]
INFO: [ view_filter ] --START--
INFO: Run Behavior\WriteHtmlCacheBehavior [ RunTime:0.000379s ]
INFO: [ view_filter ] --END-- [ RunTime:0.000416s ]
INFO: [ app_end ] --START--
INFO: Run Behavior\ShowPageTraceBehavior [ RunTime:0.000580s ]
INFO: [ app_end ] --END-- [ RunTime:0.000620s ]

[ 2016-05-19T17:45:43+08:00 ] ::1 /hg_2016/Admin/Admin/manage_log?menu_title=%E7%B3%BB%E7%BB%9F%E7%AE%A1%E7%90%86%20-%3E%20%E7%AE%A1%E7%90%86%E6%97%A5%E5%BF%97
INFO: [ app_init ] --START--
INFO: Run Behavior\BuildLiteBehavior [ RunTime:0.000019s ]
INFO: [ app_init ] --END-- [ RunTime:0.000518s ]
INFO: [ app_begin ] --START--
INFO: Run Behavior\ReadHtmlCacheBehavior [ RunTime:0.001062s ]
INFO: [ app_begin ] --END-- [ RunTime:0.001146s ]
SQL: SHOW COLUMNS FROM `db_auth_group_access` [ RunTime:0.0038s ]
SQL: SELECT `uid`,`group_id`,`title`,`rules` FROM db_auth_group_access a INNER JOIN db_auth_group g on a.group_id=g.id  WHERE ( a.uid='1' and g.status='1' )  [ RunTime:0.0016s ]
SQL: SHOW COLUMNS FROM `db_auth_rule` [ RunTime:0.0039s ]
SQL: SELECT `condition`,`name` FROM `db_auth_rule` WHERE `id` IN ('35','36','37','38','40','39','43','46','47','48','49','51','52','53','54','55','56','57','58','59','60','61','62','63','64','65','71','72','78','74','75','76','77','79','85','86','87','88','89','90','91','92') AND `type` = 1 AND `status` = 1  [ RunTime:0.0017s ]
SQL: SHOW COLUMNS FROM `db_log` [ RunTime:0.0036s ]
NOTIC: [8] Undefined index: member1 D:\xampp\htdocs\hg_2016\Application\Admin\Controller\AdminController.class.php 第 262 行.
SQL: SELECT COUNT(*) AS tp_count FROM `db_log` LIMIT 1   [ RunTime:0.0018s ]
SQL: SELECT * FROM `db_log` ORDER BY id desc LIMIT 0,15   [ RunTime:0.0019s ]
INFO: [ view_parse ] --START--
INFO: [ template_filter ] --START--
INFO: Run Behavior\ContentReplaceBehavior [ RunTime:0.000068s ]
INFO: [ template_filter ] --END-- [ RunTime:0.000128s ]
INFO: Run Behavior\ParseTemplateBehavior [ RunTime:0.009833s ]
INFO: [ view_parse ] --END-- [ RunTime:0.009890s ]
INFO: [ view_filter ] --START--
INFO: Run Behavior\WriteHtmlCacheBehavior [ RunTime:0.000351s ]
INFO: [ view_filter ] --END-- [ RunTime:0.000389s ]
INFO: [ app_end ] --START--
INFO: Run Behavior\ShowPageTraceBehavior [ RunTime:0.000790s ]
INFO: [ app_end ] --END-- [ RunTime:0.000849s ]

[ 2016-05-19T17:45:47+08:00 ] ::1 /hg_2016/Admin/Admin/delete?id=725
INFO: [ app_init ] --START--
INFO: Run Behavior\BuildLiteBehavior [ RunTime:0.000022s ]
INFO: [ app_init ] --END-- [ RunTime:0.000568s ]
INFO: [ app_begin ] --START--
INFO: Run Behavior\ReadHtmlCacheBehavior [ RunTime:0.000834s ]
INFO: [ app_begin ] --END-- [ RunTime:0.000921s ]
SQL: SHOW COLUMNS FROM `db_auth_group_access` [ RunTime:0.0039s ]
SQL: SELECT `uid`,`group_id`,`title`,`rules` FROM db_auth_group_access a INNER JOIN db_auth_group g on a.group_id=g.id  WHERE ( a.uid='1' and g.status='1' )  [ RunTime:0.0018s ]
SQL: SHOW COLUMNS FROM `db_auth_rule` [ RunTime:0.0035s ]
SQL: SELECT `condition`,`name` FROM `db_auth_rule` WHERE `id` IN ('35','36','37','38','40','39','43','46','47','48','49','51','52','53','54','55','56','57','58','59','60','61','62','63','64','65','71','72','78','74','75','76','77','79','85','86','87','88','89','90','91','92') AND `type` = 1 AND `status` = 1  [ RunTime:0.0016s ]
SQL: SHOW COLUMNS FROM `db_log` [ RunTime:0.0034s ]
SQL: DELETE FROM `db_log` WHERE `id` = 725 [ RunTime:0.0841s ]
INFO: [ view_parse ] --START--
INFO: [ template_filter ] --START--
INFO: Run Behavior\ContentReplaceBehavior [ RunTime:0.000049s ]
INFO: [ template_filter ] --END-- [ RunTime:0.000120s ]
INFO: Run Behavior\ParseTemplateBehavior [ RunTime:0.007371s ]
INFO: [ view_parse ] --END-- [ RunTime:0.007462s ]
INFO: [ view_filter ] --START--
INFO: Run Behavior\WriteHtmlCacheBehavior [ RunTime:0.000559s ]
INFO: [ view_filter ] --END-- [ RunTime:0.000619s ]
INFO: [ app_end ] --START--
INFO: Run Behavior\ShowPageTraceBehavior [ RunTime:0.000796s ]
INFO: [ app_end ] --END-- [ RunTime:0.000851s ]

[ 2016-05-19T17:45:48+08:00 ] ::1 /hg_2016/Admin/Admin/manage_log?menu_title=%E7%B3%BB%E7%BB%9F%E7%AE%A1%E7%90%86%20-%3E%20%E7%AE%A1%E7%90%86%E6%97%A5%E5%BF%97
INFO: [ app_init ] --START--
INFO: Run Behavior\BuildLiteBehavior [ RunTime:0.000013s ]
INFO: [ app_init ] --END-- [ RunTime:0.000362s ]
INFO: [ app_begin ] --START--
INFO: Run Behavior\ReadHtmlCacheBehavior [ RunTime:0.000590s ]
INFO: [ app_begin ] --END-- [ RunTime:0.000635s ]
SQL: SHOW COLUMNS FROM `db_auth_group_access` [ RunTime:0.0038s ]
SQL: SELECT `uid`,`group_id`,`title`,`rules` FROM db_auth_group_access a INNER JOIN db_auth_group g on a.group_id=g.id  WHERE ( a.uid='1' and g.status='1' )  [ RunTime:0.0018s ]
SQL: SHOW COLUMNS FROM `db_auth_rule` [ RunTime:0.0035s ]
SQL: SELECT `condition`,`name` FROM `db_auth_rule` WHERE `id` IN ('35','36','37','38','40','39','43','46','47','48','49','51','52','53','54','55','56','57','58','59','60','61','62','63','64','65','71','72','78','74','75','76','77','79','85','86','87','88','89','90','91','92') AND `type` = 1 AND `status` = 1  [ RunTime:0.0017s ]
SQL: SHOW COLUMNS FROM `db_log` [ RunTime:0.0033s ]
NOTIC: [8] Undefined index: member1 D:\xampp\htdocs\hg_2016\Application\Admin\Controller\AdminController.class.php 第 262 行.
SQL: SELECT COUNT(*) AS tp_count FROM `db_log` LIMIT 1   [ RunTime:0.0015s ]
SQL: SELECT * FROM `db_log` ORDER BY id desc LIMIT 0,15   [ RunTime:0.0017s ]
INFO: [ view_parse ] --START--
INFO: [ template_filter ] --START--
INFO: Run Behavior\ContentReplaceBehavior [ RunTime:0.000063s ]
INFO: [ template_filter ] --END-- [ RunTime:0.000154s ]
INFO: Run Behavior\ParseTemplateBehavior [ RunTime:0.010412s ]
INFO: [ view_parse ] --END-- [ RunTime:0.010480s ]
INFO: [ view_filter ] --START--
INFO: Run Behavior\WriteHtmlCacheBehavior [ RunTime:0.000445s ]
INFO: [ view_filter ] --END-- [ RunTime:0.000495s ]
INFO: [ app_end ] --START--
INFO: Run Behavior\ShowPageTraceBehavior [ RunTime:0.000796s ]
INFO: [ app_end ] --END-- [ RunTime:0.000865s ]

[ 2016-05-19T17:45:54+08:00 ] ::1 /hg_2016/Admin/Admin/agent_list?menu_title=%E7%B3%BB%E7%BB%9F%E7%AE%A1%E7%90%86%20-%3E%20+%E7%BB%8F%E7%BA%AA%E4%BA%BA%E5%88%97%E8%A1%A8
INFO: [ app_init ] --START--
INFO: Run Behavior\BuildLiteBehavior [ RunTime:0.000020s ]
INFO: [ app_init ] --END-- [ RunTime:0.000501s ]
INFO: [ app_begin ] --START--
INFO: Run Behavior\ReadHtmlCacheBehavior [ RunTime:0.000818s ]
INFO: [ app_begin ] --END-- [ RunTime:0.000891s ]
SQL: SHOW COLUMNS FROM `db_auth_group_access` [ RunTime:0.0035s ]
SQL: SELECT `uid`,`group_id`,`title`,`rules` FROM db_auth_group_access a INNER JOIN db_auth_group g on a.group_id=g.id  WHERE ( a.uid='1' and g.status='1' )  [ RunTime:0.0015s ]
SQL: SHOW COLUMNS FROM `db_auth_rule` [ RunTime:0.0034s ]
SQL: SELECT `condition`,`name` FROM `db_auth_rule` WHERE `id` IN ('35','36','37','38','40','39','43','46','47','48','49','51','52','53','54','55','56','57','58','59','60','61','62','63','64','65','71','72','78','74','75','76','77','79','85','86','87','88','89','90','91','92') AND `type` = 1 AND `status` = 1  [ RunTime:0.0014s ]
SQL: SHOW COLUMNS FROM `db_agent` [ RunTime:0.0033s ]
NOTIC: [8] Undefined index: member D:\xampp\htdocs\hg_2016\Application\Admin\Controller\AdminController.class.php 第 296 行.
SQL: SELECT COUNT(*) AS tp_count FROM `db_agent` LIMIT 1   [ RunTime:0.0013s ]
SQL: SELECT * FROM `db_agent` ORDER BY id LIMIT 0,15   [ RunTime:0.0011s ]
INFO: [ view_parse ] --START--
INFO: [ template_filter ] --START--
INFO: Run Behavior\ContentReplaceBehavior [ RunTime:0.000110s ]
INFO: [ template_filter ] --END-- [ RunTime:0.000177s ]
NOTIC: [8] Undefined index: cong D:\xampp\htdocs\hg_2016\Runtime\Cache\Admin\abe1371c3b22678a7c77230ed87206c5.php 第 175 行.
NOTIC: [8] Undefined index: cong1 D:\xampp\htdocs\hg_2016\Runtime\Cache\Admin\abe1371c3b22678a7c77230ed87206c5.php 第 175 行.
NOTIC: [8] Undefined index: cong1 D:\xampp\htdocs\hg_2016\Runtime\Cache\Admin\abe1371c3b22678a7c77230ed87206c5.php 第 194 行.
NOTIC: [8] Undefined index: cong D:\xampp\htdocs\hg_2016\Runtime\Cache\Admin\abe1371c3b22678a7c77230ed87206c5.php 第 175 行.
NOTIC: [8] Undefined index: cong1 D:\xampp\htdocs\hg_2016\Runtime\Cache\Admin\abe1371c3b22678a7c77230ed87206c5.php 第 175 行.
NOTIC: [8] Undefined index: cong1 D:\xampp\htdocs\hg_2016\Runtime\Cache\Admin\abe1371c3b22678a7c77230ed87206c5.php 第 194 行.
NOTIC: [8] Undefined index: cong D:\xampp\htdocs\hg_2016\Runtime\Cache\Admin\abe1371c3b22678a7c77230ed87206c5.php 第 175 行.
NOTIC: [8] Undefined index: cong1 D:\xampp\htdocs\hg_2016\Runtime\Cache\Admin\abe1371c3b22678a7c77230ed87206c5.php 第 175 行.
NOTIC: [8] Undefined index: cong1 D:\xampp\htdocs\hg_2016\Runtime\Cache\Admin\abe1371c3b22678a7c77230ed87206c5.php 第 194 行.
NOTIC: [8] Undefined index: cong D:\xampp\htdocs\hg_2016\Runtime\Cache\Admin\abe1371c3b22678a7c77230ed87206c5.php 第 175 行.
NOTIC: [8] Undefined index: cong1 D:\xampp\htdocs\hg_2016\Runtime\Cache\Admin\abe1371c3b22678a7c77230ed87206c5.php 第 175 行.
NOTIC: [8] Undefined index: cong1 D:\xampp\htdocs\hg_2016\Runtime\Cache\Admin\abe1371c3b22678a7c77230ed87206c5.php 第 194 行.
INFO: Run Behavior\ParseTemplateBehavior [ RunTime:0.012629s ]
INFO: [ view_parse ] --END-- [ RunTime:0.012693s ]
INFO: [ view_filter ] --START--
INFO: Run Behavior\WriteHtmlCacheBehavior [ RunTime:0.000384s ]
INFO: [ view_filter ] --END-- [ RunTime:0.000425s ]
INFO: [ app_end ] --START--
INFO: Run Behavior\ShowPageTraceBehavior [ RunTime:0.000748s ]
INFO: [ app_end ] --END-- [ RunTime:0.000808s ]

[ 2016-05-19T17:45:59+08:00 ] ::1 /hg_2016/Admin/Index/logout.html
INFO: [ app_init ] --START--
INFO: Run Behavior\BuildLiteBehavior [ RunTime:0.000021s ]
INFO: [ app_init ] --END-- [ RunTime:0.000593s ]
INFO: [ app_begin ] --START--
INFO: Run Behavior\ReadHtmlCacheBehavior [ RunTime:0.000886s ]
INFO: [ app_begin ] --END-- [ RunTime:0.000963s ]
INFO: [ view_parse ] --START--
INFO: [ template_filter ] --START--
INFO: Run Behavior\ContentReplaceBehavior [ RunTime:0.000045s ]
INFO: [ template_filter ] --END-- [ RunTime:0.000117s ]
INFO: Run Behavior\ParseTemplateBehavior [ RunTime:0.009070s ]
INFO: [ view_parse ] --END-- [ RunTime:0.009155s ]
INFO: [ view_filter ] --START--
INFO: Run Behavior\WriteHtmlCacheBehavior [ RunTime:0.000480s ]
INFO: [ view_filter ] --END-- [ RunTime:0.000530s ]
INFO: [ app_end ] --START--
INFO: Run Behavior\ShowPageTraceBehavior [ RunTime:0.000700s ]
INFO: [ app_end ] --END-- [ RunTime:0.000768s ]

[ 2016-05-19T17:46:00+08:00 ] ::1 /hg_2016/Admin/Public/login.html
INFO: [ app_init ] --START--
INFO: Run Behavior\BuildLiteBehavior [ RunTime:0.000015s ]
INFO: [ app_init ] --END-- [ RunTime:0.000509s ]
INFO: [ app_begin ] --START--
INFO: Run Behavior\ReadHtmlCacheBehavior [ RunTime:0.000861s ]
INFO: [ app_begin ] --END-- [ RunTime:0.000942s ]
INFO: [ view_parse ] --START--
INFO: [ template_filter ] --START--
INFO: Run Behavior\ContentReplaceBehavior [ RunTime:0.000061s ]
INFO: [ template_filter ] --END-- [ RunTime:0.000129s ]
INFO: Run Behavior\ParseTemplateBehavior [ RunTime:0.006774s ]
INFO: [ view_parse ] --END-- [ RunTime:0.006841s ]
INFO: [ view_filter ] --START--
INFO: Run Behavior\WriteHtmlCacheBehavior [ RunTime:0.000604s ]
INFO: [ view_filter ] --END-- [ RunTime:0.000664s ]
INFO: [ app_end ] --START--
INFO: Run Behavior\ShowPageTraceBehavior [ RunTime:0.001011s ]
INFO: [ app_end ] --END-- [ RunTime:0.001079s ]

[ 2016-05-19T17:46:00+08:00 ] ::1 /hg_2016/Admin/Public/verify.html
INFO: [ app_init ] --START--
INFO: Run Behavior\BuildLiteBehavior [ RunTime:0.000018s ]
INFO: [ app_init ] --END-- [ RunTime:0.000490s ]
INFO: [ app_begin ] --START--
INFO: Run Behavior\ReadHtmlCacheBehavior [ RunTime:0.000667s ]
INFO: [ app_begin ] --END-- [ RunTime:0.000744s ]
INFO: [ app_end ] --START--
INFO: Run Behavior\ShowPageTraceBehavior [ RunTime:0.000745s ]
INFO: [ app_end ] --END-- [ RunTime:0.000856s ]

